Using pre-set license
Built from '2022.3/staging' branch; Version is '2022.3.19f1 (244b723c30a6) revision 2378610'; Using compiler version '192829333'; Build Type 'Release'
OS: 'Windows 11  (10.0.22631) 64bit CoreSingleLanguage' Language: 'en' Physical Memory: 16109 MB
BatchMode: 1, IsHumanControllingUs: 0, StartBugReporterOnCrash: 0, Is64bit: 1, IsPro: 1

COMMAND LINE ARGUMENTS:
D:\Programs\Unity\Editor\2022.3.19f1\Editor\Unity.exe
-adb2
-batchMode
-noUpm
-name
AssetImportWorker4
-projectPath
D:/Works/Unity/2D-Platformer-game/2D Platformer Game
-logFile
Logs/AssetImportWorker4.log
-srvPort
55059
Successfully changed project path to: D:/Works/Unity/2D-Platformer-game/2D Platformer Game
D:/Works/Unity/2D-Platformer-game/2D Platformer Game
[UnityMemory] Configuration Parameters - Can be set up in boot.config
    "memorysetup-bucket-allocator-granularity=16"
    "memorysetup-bucket-allocator-bucket-count=8"
    "memorysetup-bucket-allocator-block-size=33554432"
    "memorysetup-bucket-allocator-block-count=8"
    "memorysetup-main-allocator-block-size=16777216"
    "memorysetup-thread-allocator-block-size=16777216"
    "memorysetup-gfx-main-allocator-block-size=16777216"
    "memorysetup-gfx-thread-allocator-block-size=16777216"
    "memorysetup-cache-allocator-block-size=4194304"
    "memorysetup-typetree-allocator-block-size=2097152"
    "memorysetup-profiler-bucket-allocator-granularity=16"
    "memorysetup-profiler-bucket-allocator-bucket-count=8"
    "memorysetup-profiler-bucket-allocator-block-size=33554432"
    "memorysetup-profiler-bucket-allocator-block-count=8"
    "memorysetup-profiler-allocator-block-size=16777216"
    "memorysetup-profiler-editor-allocator-block-size=1048576"
    "memorysetup-temp-allocator-size-main=16777216"
    "memorysetup-job-temp-allocator-block-size=2097152"
    "memorysetup-job-temp-allocator-block-size-background=1048576"
    "memorysetup-job-temp-allocator-reduction-small-platforms=262144"
    "memorysetup-allocator-temp-initial-block-size-main=262144"
    "memorysetup-allocator-temp-initial-block-size-worker=262144"
    "memorysetup-temp-allocator-size-background-worker=32768"
    "memorysetup-temp-allocator-size-job-worker=262144"
    "memorysetup-temp-allocator-size-preload-manager=33554432"
    "memorysetup-temp-allocator-size-nav-mesh-worker=65536"
    "memorysetup-temp-allocator-size-audio-worker=65536"
    "memorysetup-temp-allocator-size-cloud-worker=32768"
    "memorysetup-temp-allocator-size-gi-baking-worker=262144"
    "memorysetup-temp-allocator-size-gfx=262144"
Player connection [17592] Host "[IP] 192.168.20.19 [Port] 0 [Flags] 2 [Guid] 1187002019 [EditorId] 1187002019 [Version] 1048832 [Id] WindowsEditor(7,LAPTOP-73QGK95L) [Debug] 1 [PackageName] WindowsEditor [ProjectName] Editor" joined multi-casting on [225.0.0.222:54997]...

Player connection [17592] Host "[IP] 192.168.20.19 [Port] 0 [Flags] 2 [Guid] 1187002019 [EditorId] 1187002019 [Version] 1048832 [Id] WindowsEditor(7,LAPTOP-73QGK95L) [Debug] 1 [PackageName] WindowsEditor [ProjectName] Editor" joined alternative multi-casting on [225.0.0.222:34997]...

[Physics::Module] Initialized MultithreadedJobDispatcher with 15 workers.
Refreshing native plugins compatible for Editor in 8.93 ms, found 4 plugins.
Preloading 0 native plugins for Editor in 0.00 ms.
Initialize engine version: 2022.3.19f1 (244b723c30a6)
[Subsystems] Discovering subsystems at path D:/Programs/Unity/Editor/2022.3.19f1/Editor/Data/Resources/UnitySubsystems
[Subsystems] Discovering subsystems at path D:/Works/Unity/2D-Platformer-game/2D Platformer Game/Assets
GfxDevice: creating device client; threaded=0; jobified=0
Direct3D:
    Version:  Direct3D 11.0 [level 11.1]
    Renderer: NVIDIA GeForce RTX 3050 Ti Laptop GPU (ID=0x25a0)
    Vendor:   NVIDIA
    VRAM:     3976 MB
    Driver:   31.0.15.3770
Initialize mono
Mono path[0] = 'D:/Programs/Unity/Editor/2022.3.19f1/Editor/Data/Managed'
Mono path[1] = 'D:/Programs/Unity/Editor/2022.3.19f1/Editor/Data/MonoBleedingEdge/lib/mono/unityjit-win32'
Mono config path = 'D:/Programs/Unity/Editor/2022.3.19f1/Editor/Data/MonoBleedingEdge/etc'
Using monoOptions --debugger-agent=transport=dt_socket,embedding=1,server=y,suspend=n,address=127.0.0.1:56316
Begin MonoManager ReloadAssembly
Registering precompiled unity dll's ...
Register platform support module: D:/Programs/Unity/Editor/2022.3.19f1/Editor/Data/PlaybackEngines/WebGLSupport/UnityEditor.WebGL.Extensions.dll
Register platform support module: D:/Programs/Unity/Editor/2022.3.19f1/Editor/Data/PlaybackEngines/AndroidPlayer/UnityEditor.Android.Extensions.dll
Register platform support module: D:/Programs/Unity/Editor/2022.3.19f1/Editor/Data/PlaybackEngines/WindowsStandaloneSupport/UnityEditor.WindowsStandalone.Extensions.dll
Register platform support module: D:/Programs/Unity/Editor/2022.3.19f1/Editor/Data/PlaybackEngines/MetroSupport/UnityEditor.UWP.Extensions.dll
Registered in 0.008023 seconds.
- Loaded All Assemblies, in  0.338 seconds
Native extension for UWP target not found
Native extension for WindowsStandalone target not found
Native extension for Android target not found
Android Extension - Scanning For ADB Devices 268 ms
Native extension for WebGL target not found
Mono: successfully reloaded assembly
- Finished resetting the current domain, in  0.610 seconds
Domain Reload Profiling: 947ms
	BeginReloadAssembly (100ms)
		ExecutionOrderSort (0ms)
		DisableScriptedObjects (0ms)
		BackupInstance (0ms)
		ReleaseScriptingObjects (0ms)
		CreateAndSetChildDomain (1ms)
	RebuildCommonClasses (31ms)
	RebuildNativeTypeToScriptingClass (9ms)
	initialDomainReloadingComplete (55ms)
	LoadAllAssembliesAndSetupDomain (143ms)
		LoadAssemblies (99ms)
		RebuildTransferFunctionScriptingTraits (0ms)
		AnalyzeDomain (139ms)
			TypeCache.Refresh (138ms)
				TypeCache.ScanAssembly (123ms)
			ScanForSourceGeneratedMonoScriptInfo (1ms)
			ResolveRequiredComponents (0ms)
	FinalizeReload (610ms)
		ReleaseScriptCaches (0ms)
		RebuildScriptCaches (0ms)
		SetupLoadedEditorAssemblies (553ms)
			LogAssemblyErrors (0ms)
			InitializePlatformSupportModulesInManaged (376ms)
			SetLoadedEditorAssemblies (3ms)
			RefreshPlugins (0ms)
			BeforeProcessingInitializeOnLoad (2ms)
			ProcessInitializeOnLoadAttributes (124ms)
			ProcessInitializeOnLoadMethodAttributes (48ms)
			AfterProcessingInitializeOnLoad (0ms)
			EditorAssembliesLoaded (0ms)
		ExecutionOrderSort2 (0ms)
		AwakeInstancesAfterBackupRestoration (0ms)
========================================================================
Worker process is ready to serve import requests
Begin MonoManager ReloadAssembly
- Loaded All Assemblies, in  0.862 seconds
Refreshing native plugins compatible for Editor in 4.69 ms, found 4 plugins.
Native extension for UWP target not found
Native extension for WindowsStandalone target not found
Native extension for Android target not found
Native extension for WebGL target not found
Package Manager log level set to [2]
[Package Manager] Server::EnsureServerProcessIsRunning -- launch failed, reason: Unity was launched with the -noUpm command-line argument
[Package Manager] UpmClient::Send -- Unable to send message (not connected to UPM process).
[Package Manager] Cannot connect to Unity Package Manager local server
Mono: successfully reloaded assembly
- Finished resetting the current domain, in  0.614 seconds
Domain Reload Profiling: 1474ms
	BeginReloadAssembly (162ms)
		ExecutionOrderSort (0ms)
		DisableScriptedObjects (5ms)
		BackupInstance (0ms)
		ReleaseScriptingObjects (0ms)
		CreateAndSetChildDomain (24ms)
	RebuildCommonClasses (36ms)
	RebuildNativeTypeToScriptingClass (9ms)
	initialDomainReloadingComplete (43ms)
	LoadAllAssembliesAndSetupDomain (609ms)
		LoadAssemblies (444ms)
		RebuildTransferFunctionScriptingTraits (0ms)
		AnalyzeDomain (261ms)
			TypeCache.Refresh (218ms)
				TypeCache.ScanAssembly (193ms)
			ScanForSourceGeneratedMonoScriptInfo (37ms)
			ResolveRequiredComponents (5ms)
	FinalizeReload (615ms)
		ReleaseScriptCaches (0ms)
		RebuildScriptCaches (0ms)
		SetupLoadedEditorAssemblies (450ms)
			LogAssemblyErrors (0ms)
			InitializePlatformSupportModulesInManaged (25ms)
			SetLoadedEditorAssemblies (3ms)
			RefreshPlugins (0ms)
			BeforeProcessingInitializeOnLoad (62ms)
			ProcessInitializeOnLoadAttributes (312ms)
			ProcessInitializeOnLoadMethodAttributes (42ms)
			AfterProcessingInitializeOnLoad (5ms)
			EditorAssembliesLoaded (0ms)
		ExecutionOrderSort2 (0ms)
		AwakeInstancesAfterBackupRestoration (7ms)
Launched and connected shader compiler UnityShaderCompiler.exe after 0.06 seconds
Refreshing native plugins compatible for Editor in 4.12 ms, found 4 plugins.
Preloading 0 native plugins for Editor in 0.00 ms.
Unloading 4034 Unused Serialized files (Serialized files now loaded: 0)
Unloading 70 unused Assets / (244.3 KB). Loaded Objects now: 4492.
Memory consumption went from 150.7 MB to 150.5 MB.
Total: 4.945500 ms (FindLiveObjects: 0.363100 ms CreateObjectMapping: 0.161300 ms MarkObjects: 4.060300 ms  DeleteObjects: 0.359900 ms)

AssetImportParameters requested are different than current active one (requested -> active):
  custom:container-demuxer-ogg: 62fdf1f143b41e24485cea50d1cbac27 -> 
  custom:video-codec-MediaFoundation-h265: 746d11721c4dcdbdad8f713fa42b33f4 -> 
  custom:video-decoder-ogg-theora: a1e56fd34408186e4bbccfd4996cb3dc -> 
  custom:framework-win-MediaFoundation: 216162199b28c13a410421893ffa2e32 -> 
  custom:CustomObjectIndexerAttribute: 6d391050e5a25f67b0a2c618074f2cd9 -> 
  custom:container-demuxer-webm: 4f35f7cbe854078d1ac9338744f61a02 -> 
  custom:container-muxer-webm: aa71ff27fc2769a1b78a27578f13a17b -> 
  custom:video-decoder-webm-vp8: 9c59270c3fd7afecdb556c50c9e8de78 -> 
  custom:SearchIndexIgnoredProperties: e643bd26f0fe6173181afceb89e7c659 -> 
  custom:AudioImporter_EditorPlatform: d09bf68614088b80899f8185d706f6e7 -> 
  custom:video-encoder-webm-vp8: eb34c28f22e8b96e1ab97ce403110664 -> 
  custom:audio-decoder-ogg-vorbis: bf7c407c2cedff20999df2af8eb42d56 -> 
  custom:audio-encoder-webm-vorbis: bf7c407c2cedff20999df2af8eb42d56 -> 
========================================================================
Received Import Request.
  Time since last request: 11948.103296 seconds.
  path: Assets/Tile Palette/Tile Set.prefab
  artifactKey: Guid(5cd968762a0a9f3499568b6acb2e4e85) Importer(815301076,1909f56bfc062723c751e8b465ee728b)
Start importing Assets/Tile Palette/Tile Set.prefab using Guid(5cd968762a0a9f3499568b6acb2e4e85) Importer(815301076,1909f56bfc062723c751e8b465ee728b)  -> (artifact id: '96f2fbc13d6e41f35691573e2c90ce9b') in 0.128483 seconds
Number of updated asset objects reloaded before import = 0
Number of asset objects unloaded after import = 431
========================================================================
Received Import Request.
  Time since last request: 34.972643 seconds.
  path: Assets/Scenes/SampleScene.unity
  artifactKey: Guid(2cda990e2423bbf4892e6590ba056729) Importer(815301076,1909f56bfc062723c751e8b465ee728b)
Start importing Assets/Scenes/SampleScene.unity using Guid(2cda990e2423bbf4892e6590ba056729) Importer(815301076,1909f56bfc062723c751e8b465ee728b)  -> (artifact id: '0539380e39dd545dd4e0d97f5cabc889') in 0.000621 seconds
Number of updated asset objects reloaded before import = 0
Number of asset objects unloaded after import = 0
========================================================================
Received Import Request.
  Time since last request: 165.825774 seconds.
  path: Assets/Tile Palette/Tile Set.prefab
  artifactKey: Guid(5cd968762a0a9f3499568b6acb2e4e85) Importer(815301076,1909f56bfc062723c751e8b465ee728b)
Start importing Assets/Tile Palette/Tile Set.prefab using Guid(5cd968762a0a9f3499568b6acb2e4e85) Importer(815301076,1909f56bfc062723c751e8b465ee728b)  -> (artifact id: 'e858b0a581f576290a7ccdbe74db6457') in 0.055890 seconds
Number of updated asset objects reloaded before import = 0
Number of asset objects unloaded after import = 431
========================================================================
Received Import Request.
  Time since last request: 15.934995 seconds.
  path: Assets/Graphics/Terrain/Assets
  artifactKey: Guid(1163639821e5fe6449c3d51f6acc978f) Importer(815301076,1909f56bfc062723c751e8b465ee728b)
Start importing Assets/Graphics/Terrain/Assets using Guid(1163639821e5fe6449c3d51f6acc978f) Importer(815301076,1909f56bfc062723c751e8b465ee728b)  -> (artifact id: '7d2dc93994d09796ba6c1fd54ca3b352') in 0.000507 seconds
Number of updated asset objects reloaded before import = 0
Number of asset objects unloaded after import = 0
========================================================================
Received Import Request.
  Time since last request: 0.086166 seconds.
  path: Assets/Graphics/Terrain/Assets/Blue_0.asset
  artifactKey: Guid(1f7bf33e850579d458f09c65aa6d9a71) Importer(815301076,1909f56bfc062723c751e8b465ee728b)
Start importing Assets/Graphics/Terrain/Assets/Blue_0.asset using Guid(1f7bf33e850579d458f09c65aa6d9a71) Importer(815301076,1909f56bfc062723c751e8b465ee728b)  -> (artifact id: '4247497314c7ee35ef5ac37f09c4b30a') in 0.022814 seconds
Number of updated asset objects reloaded before import = 0
Number of asset objects unloaded after import = 3
========================================================================
Received Import Request.
  Time since last request: 0.000232 seconds.
  path: Assets/Graphics/Terrain/Assets/Blue_15.asset
  artifactKey: Guid(d0ddd956a36d1494d9b9f679cd6e3e7b) Importer(815301076,1909f56bfc062723c751e8b465ee728b)
Start importing Assets/Graphics/Terrain/Assets/Blue_15.asset using Guid(d0ddd956a36d1494d9b9f679cd6e3e7b) Importer(815301076,1909f56bfc062723c751e8b465ee728b)  -> (artifact id: '8efa108fb9837c06bbf03406bf92254e') in 0.014281 seconds
Number of updated asset objects reloaded before import = 0
Number of asset objects unloaded after import = 3
========================================================================
Received Import Request.
  Time since last request: 0.000016 seconds.
  path: Assets/Graphics/Terrain/Assets/Blue_9.asset
  artifactKey: Guid(3d2e327004e509d479e1dcb459eed9c7) Importer(815301076,1909f56bfc062723c751e8b465ee728b)
Start importing Assets/Graphics/Terrain/Assets/Blue_9.asset using Guid(3d2e327004e509d479e1dcb459eed9c7) Importer(815301076,1909f56bfc062723c751e8b465ee728b)  -> (artifact id: '93ddac60a44063bf036e3ce29829dd9b') in 0.013759 seconds
Number of updated asset objects reloaded before import = 0
Number of asset objects unloaded after import = 3
========================================================================
Received Import Request.
  Time since last request: 0.000036 seconds.
  path: Assets/Graphics/Terrain/Assets/Blue_6.asset
  artifactKey: Guid(be9c32eab13016245a03934a74beb771) Importer(815301076,1909f56bfc062723c751e8b465ee728b)
Start importing Assets/Graphics/Terrain/Assets/Blue_6.asset using Guid(be9c32eab13016245a03934a74beb771) Importer(815301076,1909f56bfc062723c751e8b465ee728b)  -> (artifact id: '276ebcb9ae0465fbcad1726a1c72f111') in 0.015705 seconds
Number of updated asset objects reloaded before import = 0
Number of asset objects unloaded after import = 3
========================================================================
Received Import Request.
  Time since last request: 0.000019 seconds.
  path: Assets/Graphics/Terrain/Assets/Brown_4.asset
  artifactKey: Guid(08a4df893403f1d4882cacfcb1727447) Importer(815301076,1909f56bfc062723c751e8b465ee728b)
Start importing Assets/Graphics/Terrain/Assets/Brown_4.asset using Guid(08a4df893403f1d4882cacfcb1727447) Importer(815301076,1909f56bfc062723c751e8b465ee728b)  -> (artifact id: '928d0809d0579fa8af0f1a32f1197469') in 0.012629 seconds
Number of updated asset objects reloaded before import = 0
Number of asset objects unloaded after import = 3
========================================================================
Received Import Request.
  Time since last request: 0.000018 seconds.
  path: Assets/Graphics/Terrain/Assets/Brown_2.asset
  artifactKey: Guid(aef633ed1289c494daec7a40d8583c14) Importer(815301076,1909f56bfc062723c751e8b465ee728b)
Start importing Assets/Graphics/Terrain/Assets/Brown_2.asset using Guid(aef633ed1289c494daec7a40d8583c14) Importer(815301076,1909f56bfc062723c751e8b465ee728b)  -> (artifact id: '589cf96449cfe8b81078bcbf7be3a9c4') in 0.014164 seconds
Number of updated asset objects reloaded before import = 0
Number of asset objects unloaded after import = 3
========================================================================
Received Import Request.
  Time since last request: 0.000019 seconds.
  path: Assets/Graphics/Terrain/Assets/Blue_13.asset
  artifactKey: Guid(e03a6af2c24964243b7fd4aaf7a85372) Importer(815301076,1909f56bfc062723c751e8b465ee728b)
Start importing Assets/Graphics/Terrain/Assets/Blue_13.asset using Guid(e03a6af2c24964243b7fd4aaf7a85372) Importer(815301076,1909f56bfc062723c751e8b465ee728b)  -> (artifact id: '05365edb90989aebc1ff5f714155b898') in 0.012571 seconds
Number of updated asset objects reloaded before import = 0
Number of asset objects unloaded after import = 3
========================================================================
Received Import Request.
  Time since last request: 0.000039 seconds.
  path: Assets/Graphics/Terrain/Assets/Brown_1.asset
  artifactKey: Guid(ef24132a9ed49a9489fa3b08c623efb7) Importer(815301076,1909f56bfc062723c751e8b465ee728b)
Start importing Assets/Graphics/Terrain/Assets/Brown_1.asset using Guid(ef24132a9ed49a9489fa3b08c623efb7) Importer(815301076,1909f56bfc062723c751e8b465ee728b)  -> (artifact id: '71ec0c4b00fe88d93b5534c0ac2a87a8') in 0.006239 seconds
Number of updated asset objects reloaded before import = 0
Number of asset objects unloaded after import = 3
========================================================================
Received Import Request.
  Time since last request: 0.000023 seconds.
  path: Assets/Graphics/Terrain/Assets/Blue_2.asset
  artifactKey: Guid(180bf03dafa59ce479ff9bc7428739c3) Importer(815301076,1909f56bfc062723c751e8b465ee728b)
Start importing Assets/Graphics/Terrain/Assets/Blue_2.asset using Guid(180bf03dafa59ce479ff9bc7428739c3) Importer(815301076,1909f56bfc062723c751e8b465ee728b)  -> (artifact id: '6dfcaba31bec5195182661f09be8ad2d') in 0.013932 seconds
Number of updated asset objects reloaded before import = 0
Number of asset objects unloaded after import = 3
========================================================================
Received Import Request.
  Time since last request: 0.000034 seconds.
  path: Assets/Graphics/Terrain/Assets/Brown_0.asset
  artifactKey: Guid(3dd20dce10f758941b7253c5bdce9326) Importer(815301076,1909f56bfc062723c751e8b465ee728b)
Start importing Assets/Graphics/Terrain/Assets/Brown_0.asset using Guid(3dd20dce10f758941b7253c5bdce9326) Importer(815301076,1909f56bfc062723c751e8b465ee728b)  -> (artifact id: '641167aa4457c5e0142454180bde2fe5') in 0.022352 seconds
Number of updated asset objects reloaded before import = 0
Number of asset objects unloaded after import = 3
========================================================================
Received Import Request.
  Time since last request: 0.000022 seconds.
  path: Assets/Graphics/Terrain/Assets/Blue_5.asset
  artifactKey: Guid(6e6ebbdfd344eea4eb1793a775593c88) Importer(815301076,1909f56bfc062723c751e8b465ee728b)
Start importing Assets/Graphics/Terrain/Assets/Blue_5.asset using Guid(6e6ebbdfd344eea4eb1793a775593c88) Importer(815301076,1909f56bfc062723c751e8b465ee728b)  -> (artifact id: '8e64dd58f593ea7ba526aee60db45f5c') in 0.006655 seconds
Number of updated asset objects reloaded before import = 0
Number of asset objects unloaded after import = 3
========================================================================
Received Import Request.
  Time since last request: 0.000017 seconds.
  path: Assets/Graphics/Terrain/Assets/Blue_3.asset
  artifactKey: Guid(db2dfa455e612e944beddfc76ed585b1) Importer(815301076,1909f56bfc062723c751e8b465ee728b)
Start importing Assets/Graphics/Terrain/Assets/Blue_3.asset using Guid(db2dfa455e612e944beddfc76ed585b1) Importer(815301076,1909f56bfc062723c751e8b465ee728b)  -> (artifact id: '9ad1805b7e1004bd4c3c23e6a48a38ff') in 0.005972 seconds
Number of updated asset objects reloaded before import = 0
Number of asset objects unloaded after import = 3
========================================================================
Received Import Request.
  Time since last request: 0.641538 seconds.
  path: Assets/Graphics/Terrain/Assets/Brown_5.asset
  artifactKey: Guid(e32e3d4b08086814e808228983ee2ae4) Importer(815301076,1909f56bfc062723c751e8b465ee728b)
Start importing Assets/Graphics/Terrain/Assets/Brown_5.asset using Guid(e32e3d4b08086814e808228983ee2ae4) Importer(815301076,1909f56bfc062723c751e8b465ee728b)  -> (artifact id: '766aa9b602ea95cd64fd156ddb010e75') in 0.014174 seconds
Number of updated asset objects reloaded before import = 0
Number of asset objects unloaded after import = 3
========================================================================
Received Import Request.
  Time since last request: 0.000021 seconds.
  path: Assets/Graphics/Terrain/Assets/Brown_7.asset
  artifactKey: Guid(2f006dec69a211441a9b2a2631c0fad1) Importer(815301076,1909f56bfc062723c751e8b465ee728b)
Start importing Assets/Graphics/Terrain/Assets/Brown_7.asset using Guid(2f006dec69a211441a9b2a2631c0fad1) Importer(815301076,1909f56bfc062723c751e8b465ee728b)  -> (artifact id: 'd0da0771feb98a6da569838fce5d36f7') in 0.005720 seconds
Number of updated asset objects reloaded before import = 0
Number of asset objects unloaded after import = 3
========================================================================
Received Import Request.
  Time since last request: 0.917643 seconds.
  path: Assets/Graphics/Terrain/Assets/Brown_9.asset
  artifactKey: Guid(e46dc4f7468c3834a94e49caf88e7963) Importer(815301076,1909f56bfc062723c751e8b465ee728b)
Start importing Assets/Graphics/Terrain/Assets/Brown_9.asset using Guid(e46dc4f7468c3834a94e49caf88e7963) Importer(815301076,1909f56bfc062723c751e8b465ee728b)  -> (artifact id: 'e5a1103d188b72a122caa3b1605743fd') in 0.013790 seconds
Number of updated asset objects reloaded before import = 0
Number of asset objects unloaded after import = 3
========================================================================
Received Import Request.
  Time since last request: 0.000022 seconds.
  path: Assets/Graphics/Terrain/Assets/Brown_12.asset
  artifactKey: Guid(8dd49da3767a36449b4a4307c1bfcc80) Importer(815301076,1909f56bfc062723c751e8b465ee728b)
Start importing Assets/Graphics/Terrain/Assets/Brown_12.asset using Guid(8dd49da3767a36449b4a4307c1bfcc80) Importer(815301076,1909f56bfc062723c751e8b465ee728b)  -> (artifact id: 'fea6e91793182c81e152b04a47fc8710') in 0.006961 seconds
Number of updated asset objects reloaded before import = 0
Number of asset objects unloaded after import = 3
========================================================================
Received Import Request.
  Time since last request: 0.006842 seconds.
  path: Assets/Graphics/Terrain/Assets/Brown_13.asset
  artifactKey: Guid(4805f78d5d5a6e847999892b20250e90) Importer(815301076,1909f56bfc062723c751e8b465ee728b)
Start importing Assets/Graphics/Terrain/Assets/Brown_13.asset using Guid(4805f78d5d5a6e847999892b20250e90) Importer(815301076,1909f56bfc062723c751e8b465ee728b)  -> (artifact id: 'aae8f311e1f4a29345b27e594481a9d9') in 0.006456 seconds
Number of updated asset objects reloaded before import = 0
Number of asset objects unloaded after import = 3
========================================================================
Received Import Request.
  Time since last request: 0.000020 seconds.
  path: Assets/Graphics/Terrain/Assets/Gray_0.asset
  artifactKey: Guid(8c944236cd1279b4284588efc0b67838) Importer(815301076,1909f56bfc062723c751e8b465ee728b)
Start importing Assets/Graphics/Terrain/Assets/Gray_0.asset using Guid(8c944236cd1279b4284588efc0b67838) Importer(815301076,1909f56bfc062723c751e8b465ee728b)  -> (artifact id: '26c2933f310d327ce07ca0b11663322b') in 0.014304 seconds
Number of updated asset objects reloaded before import = 0
Number of asset objects unloaded after import = 3
========================================================================
Received Import Request.
  Time since last request: 0.000029 seconds.
  path: Assets/Graphics/Terrain/Assets/Gray_2.asset
  artifactKey: Guid(e4b8623a635f5fb419b5eb27c693dfa6) Importer(815301076,1909f56bfc062723c751e8b465ee728b)
Start importing Assets/Graphics/Terrain/Assets/Gray_2.asset using Guid(e4b8623a635f5fb419b5eb27c693dfa6) Importer(815301076,1909f56bfc062723c751e8b465ee728b)  -> (artifact id: '0e09fe6618a093583702175b6008cffb') in 0.005752 seconds
Number of updated asset objects reloaded before import = 0
Number of asset objects unloaded after import = 3
========================================================================
Received Import Request.
  Time since last request: 0.000024 seconds.
  path: Assets/Graphics/Terrain/Assets/Gray_3.asset
  artifactKey: Guid(f94995a829572eb4597ab79c6d1fd2d9) Importer(815301076,1909f56bfc062723c751e8b465ee728b)
Start importing Assets/Graphics/Terrain/Assets/Gray_3.asset using Guid(f94995a829572eb4597ab79c6d1fd2d9) Importer(815301076,1909f56bfc062723c751e8b465ee728b)  -> (artifact id: 'c3f304baa24f225e5e96d708f66e5ff2') in 0.005348 seconds
Number of updated asset objects reloaded before import = 0
Number of asset objects unloaded after import = 3
========================================================================
Received Import Request.
  Time since last request: 0.006714 seconds.
  path: Assets/Graphics/Terrain/Assets/Gray_5.asset
  artifactKey: Guid(50a09bf512302104ebcbd02e8c38247c) Importer(815301076,1909f56bfc062723c751e8b465ee728b)
Start importing Assets/Graphics/Terrain/Assets/Gray_5.asset using Guid(50a09bf512302104ebcbd02e8c38247c) Importer(815301076,1909f56bfc062723c751e8b465ee728b)  -> (artifact id: '7174ae4bccb66102dca938156cdd45c3') in 0.015862 seconds
Number of updated asset objects reloaded before import = 0
Number of asset objects unloaded after import = 3
========================================================================
Received Import Request.
  Time since last request: 0.000026 seconds.
  path: Assets/Graphics/Terrain/Assets/Gray_9.asset
  artifactKey: Guid(3d7df7ff95adccb47835184e92129ef6) Importer(815301076,1909f56bfc062723c751e8b465ee728b)
Start importing Assets/Graphics/Terrain/Assets/Gray_9.asset using Guid(3d7df7ff95adccb47835184e92129ef6) Importer(815301076,1909f56bfc062723c751e8b465ee728b)  -> (artifact id: '43430ece7a5a02e060aebf208da64b72') in 0.006330 seconds
Number of updated asset objects reloaded before import = 0
Number of asset objects unloaded after import = 3
========================================================================
Received Import Request.
  Time since last request: 0.000022 seconds.
  path: Assets/Graphics/Terrain/Assets/Gray_7.asset
  artifactKey: Guid(000fb189fcc6f5b4e9e7d5790ae92021) Importer(815301076,1909f56bfc062723c751e8b465ee728b)
Start importing Assets/Graphics/Terrain/Assets/Gray_7.asset using Guid(000fb189fcc6f5b4e9e7d5790ae92021) Importer(815301076,1909f56bfc062723c751e8b465ee728b)  -> (artifact id: '1789dbaff41bba17e0194e671455108e') in 0.006346 seconds
Number of updated asset objects reloaded before import = 0
Number of asset objects unloaded after import = 3
========================================================================
Received Import Request.
  Time since last request: 0.000025 seconds.
  path: Assets/Graphics/Terrain/Assets/Terrain (16x16)_3.asset
  artifactKey: Guid(33854e894a1a74643a0e0ef9c7bafff9) Importer(815301076,1909f56bfc062723c751e8b465ee728b)
Start importing Assets/Graphics/Terrain/Assets/Terrain (16x16)_3.asset using Guid(33854e894a1a74643a0e0ef9c7bafff9) Importer(815301076,1909f56bfc062723c751e8b465ee728b)  -> (artifact id: '7c64b85fa827cd8d2041c30bea4377ce') in 0.014169 seconds
Number of updated asset objects reloaded before import = 0
Number of asset objects unloaded after import = 3
========================================================================
Received Import Request.
  Time since last request: 0.000021 seconds.
  path: Assets/Graphics/Terrain/Assets/Terrain (16x16)_1.asset
  artifactKey: Guid(90a1439e3e0570e409a236d11a4433f0) Importer(815301076,1909f56bfc062723c751e8b465ee728b)
Start importing Assets/Graphics/Terrain/Assets/Terrain (16x16)_1.asset using Guid(90a1439e3e0570e409a236d11a4433f0) Importer(815301076,1909f56bfc062723c751e8b465ee728b)  -> (artifact id: 'c71d64d10acca41f97a4835a96b31f71') in 0.015691 seconds
Number of updated asset objects reloaded before import = 0
Number of asset objects unloaded after import = 3
========================================================================
Received Import Request.
  Time since last request: 0.000035 seconds.
  path: Assets/Graphics/Terrain/Assets/Terrain (16x16)_8.asset
  artifactKey: Guid(c11530039cedeb040bb283d479b72ef4) Importer(815301076,1909f56bfc062723c751e8b465ee728b)
Start importing Assets/Graphics/Terrain/Assets/Terrain (16x16)_8.asset using Guid(c11530039cedeb040bb283d479b72ef4) Importer(815301076,1909f56bfc062723c751e8b465ee728b)  -> (artifact id: 'd1ad956aabfd4c0bb52be97d97d0e1a3') in 0.014366 seconds
Number of updated asset objects reloaded before import = 0
Number of asset objects unloaded after import = 3
========================================================================
Received Import Request.
  Time since last request: 0.000031 seconds.
  path: Assets/Graphics/Terrain/Assets/Terrain (16x16)_19.asset
  artifactKey: Guid(a8948a23ad9badc4f94dfdbf0d67b495) Importer(815301076,1909f56bfc062723c751e8b465ee728b)
Start importing Assets/Graphics/Terrain/Assets/Terrain (16x16)_19.asset using Guid(a8948a23ad9badc4f94dfdbf0d67b495) Importer(815301076,1909f56bfc062723c751e8b465ee728b)  -> (artifact id: 'd0d4fa35a3cf50c0c0fd27b2e86519e4') in 0.015110 seconds
Number of updated asset objects reloaded before import = 0
Number of asset objects unloaded after import = 3
========================================================================
Received Import Request.
  Time since last request: 0.000027 seconds.
  path: Assets/Graphics/Terrain/Assets/Terrain (16x16)_6.asset
  artifactKey: Guid(1323d4e299f151744bc7b5885e247749) Importer(815301076,1909f56bfc062723c751e8b465ee728b)
Start importing Assets/Graphics/Terrain/Assets/Terrain (16x16)_6.asset using Guid(1323d4e299f151744bc7b5885e247749) Importer(815301076,1909f56bfc062723c751e8b465ee728b)  -> (artifact id: '6dc053b4de5fb8c36ebce78410123770') in 0.015350 seconds
Number of updated asset objects reloaded before import = 0
Number of asset objects unloaded after import = 3
========================================================================
Received Import Request.
  Time since last request: 0.000026 seconds.
  path: Assets/Graphics/Terrain/Assets/Terrain (16x16)_21.asset
  artifactKey: Guid(f7843f66708695e4a904eec5c7894e0d) Importer(815301076,1909f56bfc062723c751e8b465ee728b)
Start importing Assets/Graphics/Terrain/Assets/Terrain (16x16)_21.asset using Guid(f7843f66708695e4a904eec5c7894e0d) Importer(815301076,1909f56bfc062723c751e8b465ee728b)  -> (artifact id: 'eef1b9b25951a2ad42e915c1989f6d66') in 0.015700 seconds
Number of updated asset objects reloaded before import = 0
Number of asset objects unloaded after import = 3
========================================================================
Received Import Request.
  Time since last request: 0.000021 seconds.
  path: Assets/Graphics/Terrain/Assets/Terrain (16x16)_23.asset
  artifactKey: Guid(1b2a21c7f1592794cb17aad6c6c2ada2) Importer(815301076,1909f56bfc062723c751e8b465ee728b)
Start importing Assets/Graphics/Terrain/Assets/Terrain (16x16)_23.asset using Guid(1b2a21c7f1592794cb17aad6c6c2ada2) Importer(815301076,1909f56bfc062723c751e8b465ee728b)  -> (artifact id: 'c166a28555ab88b31dce61b896521a0c') in 0.015366 seconds
Number of updated asset objects reloaded before import = 0
Number of asset objects unloaded after import = 3
========================================================================
Received Import Request.
  Time since last request: 0.000018 seconds.
  path: Assets/Graphics/Terrain/Assets/Terrain (16x16)_14.asset
  artifactKey: Guid(8822e3ef29635484886c451ae67d526c) Importer(815301076,1909f56bfc062723c751e8b465ee728b)
Start importing Assets/Graphics/Terrain/Assets/Terrain (16x16)_14.asset using Guid(8822e3ef29635484886c451ae67d526c) Importer(815301076,1909f56bfc062723c751e8b465ee728b)  -> (artifact id: '1e23eacd4c22d6d7076f950c8448cfb8') in 0.014879 seconds
Number of updated asset objects reloaded before import = 0
Number of asset objects unloaded after import = 3
========================================================================
Received Import Request.
  Time since last request: 0.000033 seconds.
  path: Assets/Graphics/Terrain/Assets/Terrain (16x16)_39.asset
  artifactKey: Guid(005314a6fb371b14aaf2cb883ee17b15) Importer(815301076,1909f56bfc062723c751e8b465ee728b)
Start importing Assets/Graphics/Terrain/Assets/Terrain (16x16)_39.asset using Guid(005314a6fb371b14aaf2cb883ee17b15) Importer(815301076,1909f56bfc062723c751e8b465ee728b)  -> (artifact id: 'df59cb5b5a4ee261cfb1a1fd426f4511') in 0.013752 seconds
Number of updated asset objects reloaded before import = 0
Number of asset objects unloaded after import = 3
========================================================================
Received Import Request.
  Time since last request: 0.000071 seconds.
  path: Assets/Graphics/Terrain/Assets/Terrain (16x16)_20.asset
  artifactKey: Guid(ae57f70f33ad2aa40a07643c88966344) Importer(815301076,1909f56bfc062723c751e8b465ee728b)
Start importing Assets/Graphics/Terrain/Assets/Terrain (16x16)_20.asset using Guid(ae57f70f33ad2aa40a07643c88966344) Importer(815301076,1909f56bfc062723c751e8b465ee728b)  -> (artifact id: 'b6c2a9a31b4ed8939fd57d2af2b68b38') in 0.016669 seconds
Number of updated asset objects reloaded before import = 0
Number of asset objects unloaded after import = 3
========================================================================
Received Import Request.
  Time since last request: 0.000029 seconds.
  path: Assets/Graphics/Terrain/Assets/Terrain (16x16)_29.asset
  artifactKey: Guid(b4f1a51a835dd3a48ad87fa090a82c3b) Importer(815301076,1909f56bfc062723c751e8b465ee728b)
Start importing Assets/Graphics/Terrain/Assets/Terrain (16x16)_29.asset using Guid(b4f1a51a835dd3a48ad87fa090a82c3b) Importer(815301076,1909f56bfc062723c751e8b465ee728b)  -> (artifact id: 'b6d3f75c7879d03bed33920ad40d0330') in 0.016422 seconds
Number of updated asset objects reloaded before import = 0
Number of asset objects unloaded after import = 3
========================================================================
Received Import Request.
  Time since last request: 0.000059 seconds.
  path: Assets/Graphics/Terrain/Assets/Terrain (16x16)_38.asset
  artifactKey: Guid(a4e1a4bacf6874644b1098e77d6fc850) Importer(815301076,1909f56bfc062723c751e8b465ee728b)
Start importing Assets/Graphics/Terrain/Assets/Terrain (16x16)_38.asset using Guid(a4e1a4bacf6874644b1098e77d6fc850) Importer(815301076,1909f56bfc062723c751e8b465ee728b)  -> (artifact id: '0fe06ddf2ed8664939ca0ef4305a09ab') in 0.012940 seconds
Number of updated asset objects reloaded before import = 0
Number of asset objects unloaded after import = 3
========================================================================
Received Import Request.
  Time since last request: 0.000016 seconds.
  path: Assets/Graphics/Terrain/Assets/Terrain (16x16)_26.asset
  artifactKey: Guid(7b9dafb48e88c094eb80d1fd0be14230) Importer(815301076,1909f56bfc062723c751e8b465ee728b)
Start importing Assets/Graphics/Terrain/Assets/Terrain (16x16)_26.asset using Guid(7b9dafb48e88c094eb80d1fd0be14230) Importer(815301076,1909f56bfc062723c751e8b465ee728b)  -> (artifact id: 'd8da63f74781f04674cbb3a3e94980b1') in 0.016431 seconds
Number of updated asset objects reloaded before import = 0
Number of asset objects unloaded after import = 3
========================================================================
Received Import Request.
  Time since last request: 0.000019 seconds.
  path: Assets/Graphics/Terrain/Assets/Terrain (16x16)_42.asset
  artifactKey: Guid(3e27ccf742966b341b59ab8280efbbc4) Importer(815301076,1909f56bfc062723c751e8b465ee728b)
Start importing Assets/Graphics/Terrain/Assets/Terrain (16x16)_42.asset using Guid(3e27ccf742966b341b59ab8280efbbc4) Importer(815301076,1909f56bfc062723c751e8b465ee728b)  -> (artifact id: 'e7d7518541549b16addcb5b5ec1347f0') in 0.014380 seconds
Number of updated asset objects reloaded before import = 0
Number of asset objects unloaded after import = 3
========================================================================
Received Import Request.
  Time since last request: 0.000019 seconds.
  path: Assets/Graphics/Terrain/Assets/Terrain (16x16)_41.asset
  artifactKey: Guid(15fe118cc23e4f146b515a1423729107) Importer(815301076,1909f56bfc062723c751e8b465ee728b)
Start importing Assets/Graphics/Terrain/Assets/Terrain (16x16)_41.asset using Guid(15fe118cc23e4f146b515a1423729107) Importer(815301076,1909f56bfc062723c751e8b465ee728b)  -> (artifact id: 'fbe95af6aa52e0f6867990473582a5d0') in 0.013664 seconds
Number of updated asset objects reloaded before import = 0
Number of asset objects unloaded after import = 3
========================================================================
Received Import Request.
  Time since last request: 0.000031 seconds.
  path: Assets/Graphics/Terrain/Assets/Terrain (16x16)_11.asset
  artifactKey: Guid(c6e33b5b1adc6c04d8224a227805500f) Importer(815301076,1909f56bfc062723c751e8b465ee728b)
Start importing Assets/Graphics/Terrain/Assets/Terrain (16x16)_11.asset using Guid(c6e33b5b1adc6c04d8224a227805500f) Importer(815301076,1909f56bfc062723c751e8b465ee728b)  -> (artifact id: '5551229041527d61efbff18cd4caca97') in 0.014411 seconds
Number of updated asset objects reloaded before import = 0
Number of asset objects unloaded after import = 3
========================================================================
Received Import Request.
  Time since last request: 0.000030 seconds.
  path: Assets/Graphics/Terrain/Assets/Terrain (16x16)_18.asset
  artifactKey: Guid(98a145e69fff8294087dda0be1561e53) Importer(815301076,1909f56bfc062723c751e8b465ee728b)
Start importing Assets/Graphics/Terrain/Assets/Terrain (16x16)_18.asset using Guid(98a145e69fff8294087dda0be1561e53) Importer(815301076,1909f56bfc062723c751e8b465ee728b)  -> (artifact id: '8bf5917392b3c6e7c9d28091fc47acee') in 0.015767 seconds
Number of updated asset objects reloaded before import = 0
Number of asset objects unloaded after import = 3
========================================================================
Received Import Request.
  Time since last request: 0.000029 seconds.
  path: Assets/Graphics/Terrain/Assets/Terrain (16x16)_5.asset
  artifactKey: Guid(a79763ead8c0ac34ca58e2b39023a261) Importer(815301076,1909f56bfc062723c751e8b465ee728b)
Start importing Assets/Graphics/Terrain/Assets/Terrain (16x16)_5.asset using Guid(a79763ead8c0ac34ca58e2b39023a261) Importer(815301076,1909f56bfc062723c751e8b465ee728b)  -> (artifact id: '6d9394f1274efd298e2ba5b2efebf6e8') in 0.013029 seconds
Number of updated asset objects reloaded before import = 0
Number of asset objects unloaded after import = 3
========================================================================
Received Import Request.
  Time since last request: 0.000021 seconds.
  path: Assets/Graphics/Terrain/Assets/Terrain (16x16)_9.asset
  artifactKey: Guid(769e37a3995c3da4cb572616f8391df3) Importer(815301076,1909f56bfc062723c751e8b465ee728b)
Start importing Assets/Graphics/Terrain/Assets/Terrain (16x16)_9.asset using Guid(769e37a3995c3da4cb572616f8391df3) Importer(815301076,1909f56bfc062723c751e8b465ee728b)  -> (artifact id: '2e12e9261bc87389db9b04d6d192dccd') in 0.016315 seconds
Number of updated asset objects reloaded before import = 0
Number of asset objects unloaded after import = 3
========================================================================
Received Import Request.
  Time since last request: 0.000019 seconds.
  path: Assets/Graphics/Terrain/Assets/Terrain (16x16)_22.asset
  artifactKey: Guid(cb26b0834ca210d4b82d912332ec96c8) Importer(815301076,1909f56bfc062723c751e8b465ee728b)
Start importing Assets/Graphics/Terrain/Assets/Terrain (16x16)_22.asset using Guid(cb26b0834ca210d4b82d912332ec96c8) Importer(815301076,1909f56bfc062723c751e8b465ee728b)  -> (artifact id: 'e7172b8b6acc18eca602910203867ef8') in 0.013658 seconds
Number of updated asset objects reloaded before import = 0
Number of asset objects unloaded after import = 3
========================================================================
Received Import Request.
  Time since last request: 0.000022 seconds.
  path: Assets/Graphics/Terrain/Assets/Terrain (16x16)_30.asset
  artifactKey: Guid(ab0f7a1711b5dd64db39f874df46c470) Importer(815301076,1909f56bfc062723c751e8b465ee728b)
Start importing Assets/Graphics/Terrain/Assets/Terrain (16x16)_30.asset using Guid(ab0f7a1711b5dd64db39f874df46c470) Importer(815301076,1909f56bfc062723c751e8b465ee728b)  -> (artifact id: '9f5a38f8317c30fc3f6536ed0eba5a2a') in 0.014524 seconds
Number of updated asset objects reloaded before import = 0
Number of asset objects unloaded after import = 3
========================================================================
Received Import Request.
  Time since last request: 0.000027 seconds.
  path: Assets/Graphics/Terrain/Assets/Gray_15.asset
  artifactKey: Guid(86a4a3642063ca24997219d1955ad563) Importer(815301076,1909f56bfc062723c751e8b465ee728b)
Start importing Assets/Graphics/Terrain/Assets/Gray_15.asset using Guid(86a4a3642063ca24997219d1955ad563) Importer(815301076,1909f56bfc062723c751e8b465ee728b)  -> (artifact id: '4a9535e2dda32312e90455b6c8f6e4a8') in 0.007747 seconds
Number of updated asset objects reloaded before import = 0
Number of asset objects unloaded after import = 3
========================================================================
Received Import Request.
  Time since last request: 0.000028 seconds.
  path: Assets/Graphics/Terrain/Assets/Terrain (16x16)_35.asset
  artifactKey: Guid(8079fd950ea2f9348ad2b183477460da) Importer(815301076,1909f56bfc062723c751e8b465ee728b)
Start importing Assets/Graphics/Terrain/Assets/Terrain (16x16)_35.asset using Guid(8079fd950ea2f9348ad2b183477460da) Importer(815301076,1909f56bfc062723c751e8b465ee728b)  -> (artifact id: 'e2dbfe00d92dcdf4eee6927b518a9851') in 0.016026 seconds
Number of updated asset objects reloaded before import = 0
Number of asset objects unloaded after import = 3
========================================================================
Received Import Request.
  Time since last request: 0.000020 seconds.
  path: Assets/Graphics/Terrain/Assets/Terrain (16x16)_27.asset
  artifactKey: Guid(598f3a62a18dc1d4ea8a7deff26e84ed) Importer(815301076,1909f56bfc062723c751e8b465ee728b)
Start importing Assets/Graphics/Terrain/Assets/Terrain (16x16)_27.asset using Guid(598f3a62a18dc1d4ea8a7deff26e84ed) Importer(815301076,1909f56bfc062723c751e8b465ee728b)  -> (artifact id: '63efce1020aa20214b79113cba16878f') in 0.016071 seconds
Number of updated asset objects reloaded before import = 0
Number of asset objects unloaded after import = 3
========================================================================
Received Import Request.
  Time since last request: 0.471614 seconds.
  path: Assets/Graphics/Terrain/Assets/Terrain (16x16)_45.asset
  artifactKey: Guid(20d2e49534f836e47b09fb19d49749a3) Importer(815301076,1909f56bfc062723c751e8b465ee728b)
Start importing Assets/Graphics/Terrain/Assets/Terrain (16x16)_45.asset using Guid(20d2e49534f836e47b09fb19d49749a3) Importer(815301076,1909f56bfc062723c751e8b465ee728b)  -> (artifact id: 'e4954fcddab613ca803d8de3f96b89a5') in 0.016393 seconds
Number of updated asset objects reloaded before import = 0
Number of asset objects unloaded after import = 3
========================================================================
Received Import Request.
  Time since last request: 0.000031 seconds.
  path: Assets/Graphics/Terrain/Assets/Terrain (16x16)_48.asset
  artifactKey: Guid(5c351d9be3fbf1c458212d7235c2fe2d) Importer(815301076,1909f56bfc062723c751e8b465ee728b)
Start importing Assets/Graphics/Terrain/Assets/Terrain (16x16)_48.asset using Guid(5c351d9be3fbf1c458212d7235c2fe2d) Importer(815301076,1909f56bfc062723c751e8b465ee728b)  -> (artifact id: '0aa224d2438e352b1be3667fa96af6c3') in 0.012952 seconds
Number of updated asset objects reloaded before import = 0
Number of asset objects unloaded after import = 3
========================================================================
Received Import Request.
  Time since last request: 0.020927 seconds.
  path: Assets/Graphics/Terrain/Assets/Terrain (16x16)_49.asset
  artifactKey: Guid(26f59e40755e78e4e9ac778c06c0e6d0) Importer(815301076,1909f56bfc062723c751e8b465ee728b)
Start importing Assets/Graphics/Terrain/Assets/Terrain (16x16)_49.asset using Guid(26f59e40755e78e4e9ac778c06c0e6d0) Importer(815301076,1909f56bfc062723c751e8b465ee728b)  -> (artifact id: '1b0d81f10b1e9aad02a36fc9560c987e') in 0.017046 seconds
Number of updated asset objects reloaded before import = 0
Number of asset objects unloaded after import = 3
========================================================================
Received Import Request.
  Time since last request: 0.000034 seconds.
  path: Assets/Graphics/Terrain/Assets/Terrain (16x16)_53.asset
  artifactKey: Guid(d0628fbb3492fd6478358e052393a351) Importer(815301076,1909f56bfc062723c751e8b465ee728b)
Start importing Assets/Graphics/Terrain/Assets/Terrain (16x16)_53.asset using Guid(d0628fbb3492fd6478358e052393a351) Importer(815301076,1909f56bfc062723c751e8b465ee728b)  -> (artifact id: '281d39f94092b654e44bd7100df771ec') in 0.014731 seconds
Number of updated asset objects reloaded before import = 0
Number of asset objects unloaded after import = 3
========================================================================
Received Import Request.
  Time since last request: 0.000021 seconds.
  path: Assets/Graphics/Terrain/Assets/Terrain (16x16)_55.asset
  artifactKey: Guid(81f27943afd10294cade4fa57f87719b) Importer(815301076,1909f56bfc062723c751e8b465ee728b)
Start importing Assets/Graphics/Terrain/Assets/Terrain (16x16)_55.asset using Guid(81f27943afd10294cade4fa57f87719b) Importer(815301076,1909f56bfc062723c751e8b465ee728b)  -> (artifact id: '2a27f1156ad788e8a4db5d0e70fca195') in 0.015885 seconds
Number of updated asset objects reloaded before import = 0
Number of asset objects unloaded after import = 3
========================================================================
Received Import Request.
  Time since last request: 0.000020 seconds.
  path: Assets/Graphics/Terrain/Assets/Terrain (16x16)_52.asset
  artifactKey: Guid(ddb87abfb8d203d4eae7e8b81a837b5f) Importer(815301076,1909f56bfc062723c751e8b465ee728b)
Start importing Assets/Graphics/Terrain/Assets/Terrain (16x16)_52.asset using Guid(ddb87abfb8d203d4eae7e8b81a837b5f) Importer(815301076,1909f56bfc062723c751e8b465ee728b)  -> (artifact id: '32ca08994e0b1ffa604c08aabce50c9f') in 0.015360 seconds
Number of updated asset objects reloaded before import = 0
Number of asset objects unloaded after import = 3
========================================================================
Received Import Request.
  Time since last request: 0.000035 seconds.
  path: Assets/Graphics/Terrain/Assets/Terrain (16x16)_57.asset
  artifactKey: Guid(c615744429306e34eb206def33a71ede) Importer(815301076,1909f56bfc062723c751e8b465ee728b)
Start importing Assets/Graphics/Terrain/Assets/Terrain (16x16)_57.asset using Guid(c615744429306e34eb206def33a71ede) Importer(815301076,1909f56bfc062723c751e8b465ee728b)  -> (artifact id: 'b159ec2d5c7420f33c62131d099a3615') in 0.016142 seconds
Number of updated asset objects reloaded before import = 0
Number of asset objects unloaded after import = 3
========================================================================
Received Import Request.
  Time since last request: 0.000016 seconds.
  path: Assets/Graphics/Terrain/Assets/Terrain (16x16)_62.asset
  artifactKey: Guid(15c10374f80514044a43352d3f4ad942) Importer(815301076,1909f56bfc062723c751e8b465ee728b)
Start importing Assets/Graphics/Terrain/Assets/Terrain (16x16)_62.asset using Guid(15c10374f80514044a43352d3f4ad942) Importer(815301076,1909f56bfc062723c751e8b465ee728b)  -> (artifact id: '3ae4ffb98b5a55d8f27f3b27fcda516c') in 0.014869 seconds
Number of updated asset objects reloaded before import = 0
Number of asset objects unloaded after import = 3
========================================================================
Received Import Request.
  Time since last request: 0.000018 seconds.
  path: Assets/Graphics/Terrain/Assets/Terrain (16x16)_67.asset
  artifactKey: Guid(34343c1048acc3a449997948761bedb5) Importer(815301076,1909f56bfc062723c751e8b465ee728b)
Start importing Assets/Graphics/Terrain/Assets/Terrain (16x16)_67.asset using Guid(34343c1048acc3a449997948761bedb5) Importer(815301076,1909f56bfc062723c751e8b465ee728b)  -> (artifact id: '9f6693c5ffe18ecc89833473a81ed4a4') in 0.015297 seconds
Number of updated asset objects reloaded before import = 0
Number of asset objects unloaded after import = 3
========================================================================
Received Import Request.
  Time since last request: 0.000035 seconds.
  path: Assets/Graphics/Terrain/Assets/Terrain (16x16)_68.asset
  artifactKey: Guid(bdbf8c7fcfbb5ff40904b5d1b61748a1) Importer(815301076,1909f56bfc062723c751e8b465ee728b)
Start importing Assets/Graphics/Terrain/Assets/Terrain (16x16)_68.asset using Guid(bdbf8c7fcfbb5ff40904b5d1b61748a1) Importer(815301076,1909f56bfc062723c751e8b465ee728b)  -> (artifact id: '3a04e25131b72dfbff6ceffab85043fb') in 0.015207 seconds
Number of updated asset objects reloaded before import = 0
Number of asset objects unloaded after import = 3
========================================================================
Received Import Request.
  Time since last request: 0.000018 seconds.
  path: Assets/Graphics/Terrain/Assets/Terrain (16x16)_69.asset
  artifactKey: Guid(cbf4a62e4d9b4cc4eb5abb514a406944) Importer(815301076,1909f56bfc062723c751e8b465ee728b)
Start importing Assets/Graphics/Terrain/Assets/Terrain (16x16)_69.asset using Guid(cbf4a62e4d9b4cc4eb5abb514a406944) Importer(815301076,1909f56bfc062723c751e8b465ee728b)  -> (artifact id: '9ef47ca1ee9c2d2f04b0a3811d681c89') in 0.016226 seconds
Number of updated asset objects reloaded before import = 0
Number of asset objects unloaded after import = 3
========================================================================
Received Import Request.
  Time since last request: 0.000020 seconds.
  path: Assets/Graphics/Terrain/Assets/Terrain (16x16)_72.asset
  artifactKey: Guid(98a9ecc1bc2fba64b8620a97c702ab3b) Importer(815301076,1909f56bfc062723c751e8b465ee728b)
Start importing Assets/Graphics/Terrain/Assets/Terrain (16x16)_72.asset using Guid(98a9ecc1bc2fba64b8620a97c702ab3b) Importer(815301076,1909f56bfc062723c751e8b465ee728b)  -> (artifact id: '282886416f1191144e66516dc6f12d51') in 0.015713 seconds
Number of updated asset objects reloaded before import = 0
Number of asset objects unloaded after import = 3
========================================================================
Received Import Request.
  Time since last request: 0.000018 seconds.
  path: Assets/Graphics/Terrain/Assets/Terrain (16x16)_73.asset
  artifactKey: Guid(049cb76dcb456ff4abfe0876a968da4a) Importer(815301076,1909f56bfc062723c751e8b465ee728b)
Start importing Assets/Graphics/Terrain/Assets/Terrain (16x16)_73.asset using Guid(049cb76dcb456ff4abfe0876a968da4a) Importer(815301076,1909f56bfc062723c751e8b465ee728b)  -> (artifact id: '6eb423f26eb07b3278dd71f428b25f5d') in 0.016076 seconds
Number of updated asset objects reloaded before import = 0
Number of asset objects unloaded after import = 3
========================================================================
Received Import Request.
  Time since last request: 0.000051 seconds.
  path: Assets/Graphics/Terrain/Assets/Terrain (16x16)_76.asset
  artifactKey: Guid(27929152528399c4d868ce19d006d466) Importer(815301076,1909f56bfc062723c751e8b465ee728b)
Start importing Assets/Graphics/Terrain/Assets/Terrain (16x16)_76.asset using Guid(27929152528399c4d868ce19d006d466) Importer(815301076,1909f56bfc062723c751e8b465ee728b)  -> (artifact id: 'f4dbc71abc1ec3c68f0a9b3285950684') in 0.017864 seconds
Number of updated asset objects reloaded before import = 0
Number of asset objects unloaded after import = 3
========================================================================
Received Import Request.
  Time since last request: 0.000026 seconds.
  path: Assets/Graphics/Terrain/Assets/Terrain (16x16)_58.asset
  artifactKey: Guid(eeae5f11fe73f364faa78da10394c3aa) Importer(815301076,1909f56bfc062723c751e8b465ee728b)
Start importing Assets/Graphics/Terrain/Assets/Terrain (16x16)_58.asset using Guid(eeae5f11fe73f364faa78da10394c3aa) Importer(815301076,1909f56bfc062723c751e8b465ee728b)  -> (artifact id: '3c0a4e240888119a7c7285dacda7752d') in 0.016466 seconds
Number of updated asset objects reloaded before import = 0
Number of asset objects unloaded after import = 3
========================================================================
Received Import Request.
  Time since last request: 0.000027 seconds.
  path: Assets/Graphics/Terrain/Assets/Terrain (16x16)_59.asset
  artifactKey: Guid(c79ca606c5640db47a10c3c1d8569df4) Importer(815301076,1909f56bfc062723c751e8b465ee728b)
Start importing Assets/Graphics/Terrain/Assets/Terrain (16x16)_59.asset using Guid(c79ca606c5640db47a10c3c1d8569df4) Importer(815301076,1909f56bfc062723c751e8b465ee728b)  -> (artifact id: '5a70453435b037e800624d94cf998c6a') in 0.014975 seconds
Number of updated asset objects reloaded before import = 0
Number of asset objects unloaded after import = 3
========================================================================
Received Import Request.
  Time since last request: 0.008029 seconds.
  path: Assets/Graphics/Terrain/Assets/Terrain (16x16)_77.asset
  artifactKey: Guid(650612379438672458553fd0853997c7) Importer(815301076,1909f56bfc062723c751e8b465ee728b)
Start importing Assets/Graphics/Terrain/Assets/Terrain (16x16)_77.asset using Guid(650612379438672458553fd0853997c7) Importer(815301076,1909f56bfc062723c751e8b465ee728b)  -> (artifact id: '2769864a1abccb474f81b4ffd880a131') in 0.014599 seconds
Number of updated asset objects reloaded before import = 0
Number of asset objects unloaded after import = 3
========================================================================
Received Import Request.
  Time since last request: 0.000028 seconds.
  path: Assets/Graphics/Terrain/Assets/Terrain (16x16)_80.asset
  artifactKey: Guid(f9aa1e351685039489793b1fc720d38e) Importer(815301076,1909f56bfc062723c751e8b465ee728b)
Start importing Assets/Graphics/Terrain/Assets/Terrain (16x16)_80.asset using Guid(f9aa1e351685039489793b1fc720d38e) Importer(815301076,1909f56bfc062723c751e8b465ee728b)  -> (artifact id: '50121bb2eb94037c2d7faf7785089871') in 0.014880 seconds
Number of updated asset objects reloaded before import = 0
Number of asset objects unloaded after import = 3
========================================================================
Received Import Request.
  Time since last request: 0.004524 seconds.
  path: Assets/Graphics/Terrain/Assets/Terrain (16x16)_81.asset
  artifactKey: Guid(c717a3035e73c144abca1bf7430e8107) Importer(815301076,1909f56bfc062723c751e8b465ee728b)
Start importing Assets/Graphics/Terrain/Assets/Terrain (16x16)_81.asset using Guid(c717a3035e73c144abca1bf7430e8107) Importer(815301076,1909f56bfc062723c751e8b465ee728b)  -> (artifact id: 'bab05bb2f59fd67f8776373bf658dbbb') in 0.012368 seconds
Number of updated asset objects reloaded before import = 0
Number of asset objects unloaded after import = 3
========================================================================
Received Import Request.
  Time since last request: 0.000019 seconds.
  path: Assets/Graphics/Terrain/Assets/Terrain (16x16)_83.asset
  artifactKey: Guid(c7e0c8d860c59f4418181d66bb303e50) Importer(815301076,1909f56bfc062723c751e8b465ee728b)
Start importing Assets/Graphics/Terrain/Assets/Terrain (16x16)_83.asset using Guid(c7e0c8d860c59f4418181d66bb303e50) Importer(815301076,1909f56bfc062723c751e8b465ee728b)  -> (artifact id: '797e699e2fc1b0999c131bbab20261bf') in 0.014375 seconds
Number of updated asset objects reloaded before import = 0
Number of asset objects unloaded after import = 3
========================================================================
Received Import Request.
  Time since last request: 0.000023 seconds.
  path: Assets/Graphics/Terrain/Assets/Terrain (16x16)_86.asset
  artifactKey: Guid(a0c3cb0d38ff3264e97722f39ce6864a) Importer(815301076,1909f56bfc062723c751e8b465ee728b)
Start importing Assets/Graphics/Terrain/Assets/Terrain (16x16)_86.asset using Guid(a0c3cb0d38ff3264e97722f39ce6864a) Importer(815301076,1909f56bfc062723c751e8b465ee728b)  -> (artifact id: '9c692dc2b4409f391a99c54045722b1b') in 0.015805 seconds
Number of updated asset objects reloaded before import = 0
Number of asset objects unloaded after import = 3
========================================================================
Received Import Request.
  Time since last request: 0.000027 seconds.
  path: Assets/Graphics/Terrain/Assets/Terrain (16x16)_89.asset
  artifactKey: Guid(77c55bd52352df34ab700101881fc818) Importer(815301076,1909f56bfc062723c751e8b465ee728b)
Start importing Assets/Graphics/Terrain/Assets/Terrain (16x16)_89.asset using Guid(77c55bd52352df34ab700101881fc818) Importer(815301076,1909f56bfc062723c751e8b465ee728b)  -> (artifact id: '963342baa595498cf407ccae938c0c70') in 0.014400 seconds
Number of updated asset objects reloaded before import = 0
Number of asset objects unloaded after import = 3
========================================================================
Received Import Request.
  Time since last request: 0.000019 seconds.
  path: Assets/Graphics/Terrain/Assets/Terrain (16x16)_85.asset
  artifactKey: Guid(b055a35994fa5dc4bb53bf3156db08b2) Importer(815301076,1909f56bfc062723c751e8b465ee728b)
Start importing Assets/Graphics/Terrain/Assets/Terrain (16x16)_85.asset using Guid(b055a35994fa5dc4bb53bf3156db08b2) Importer(815301076,1909f56bfc062723c751e8b465ee728b)  -> (artifact id: '8b1214606df5aab9c72bf17347077603') in 0.014501 seconds
Number of updated asset objects reloaded before import = 0
Number of asset objects unloaded after import = 3
========================================================================
Received Import Request.
  Time since last request: 0.000017 seconds.
  path: Assets/Graphics/Terrain/Assets/Terrain (16x16)_93.asset
  artifactKey: Guid(a6838dcecc1e0264a81a2e88da10ac8c) Importer(815301076,1909f56bfc062723c751e8b465ee728b)
Start importing Assets/Graphics/Terrain/Assets/Terrain (16x16)_93.asset using Guid(a6838dcecc1e0264a81a2e88da10ac8c) Importer(815301076,1909f56bfc062723c751e8b465ee728b)  -> (artifact id: '6f14d0722142377ac04e96d722bd04e0') in 0.014484 seconds
Number of updated asset objects reloaded before import = 0
Number of asset objects unloaded after import = 3
========================================================================
Received Import Request.
  Time since last request: 0.000018 seconds.
  path: Assets/Graphics/Terrain/Assets/Terrain (16x16)_91.asset
  artifactKey: Guid(5be404c0ad8599b48b8c5e6a373aee9f) Importer(815301076,1909f56bfc062723c751e8b465ee728b)
Start importing Assets/Graphics/Terrain/Assets/Terrain (16x16)_91.asset using Guid(5be404c0ad8599b48b8c5e6a373aee9f) Importer(815301076,1909f56bfc062723c751e8b465ee728b)  -> (artifact id: 'd8a155fe5dfa38dc378ca36060f09b55') in 0.016709 seconds
Number of updated asset objects reloaded before import = 0
Number of asset objects unloaded after import = 3
========================================================================
Received Import Request.
  Time since last request: 0.000016 seconds.
  path: Assets/Graphics/Terrain/Assets/Terrain (16x16)_97.asset
  artifactKey: Guid(b6fc136cfe78e1645863ec09d9af7e73) Importer(815301076,1909f56bfc062723c751e8b465ee728b)
Start importing Assets/Graphics/Terrain/Assets/Terrain (16x16)_97.asset using Guid(b6fc136cfe78e1645863ec09d9af7e73) Importer(815301076,1909f56bfc062723c751e8b465ee728b)  -> (artifact id: 'a833ad34a0b2e6161a25382a4fff63c8') in 0.015114 seconds
Number of updated asset objects reloaded before import = 0
Number of asset objects unloaded after import = 3
========================================================================
Received Import Request.
  Time since last request: 0.000022 seconds.
  path: Assets/Graphics/Terrain/Assets/Terrain (16x16)_94.asset
  artifactKey: Guid(c7c9bacabc2736344be53c1059341305) Importer(815301076,1909f56bfc062723c751e8b465ee728b)
Start importing Assets/Graphics/Terrain/Assets/Terrain (16x16)_94.asset using Guid(c7c9bacabc2736344be53c1059341305) Importer(815301076,1909f56bfc062723c751e8b465ee728b)  -> (artifact id: '6b83766dba5f5068e4127c56d60f57f8') in 0.014794 seconds
Number of updated asset objects reloaded before import = 0
Number of asset objects unloaded after import = 3
========================================================================
Received Import Request.
  Time since last request: 0.000112 seconds.
  path: Assets/Graphics/Terrain/Assets/Terrain (16x16)_102.asset
  artifactKey: Guid(0389ade8af083db49975b764e683e3d2) Importer(815301076,1909f56bfc062723c751e8b465ee728b)
Start importing Assets/Graphics/Terrain/Assets/Terrain (16x16)_102.asset using Guid(0389ade8af083db49975b764e683e3d2) Importer(815301076,1909f56bfc062723c751e8b465ee728b)  -> (artifact id: '53590586c37f3c25cdc884448a175818') in 0.015033 seconds
Number of updated asset objects reloaded before import = 0
Number of asset objects unloaded after import = 3
========================================================================
Received Import Request.
  Time since last request: 0.000036 seconds.
  path: Assets/Graphics/Terrain/Assets/Terrain (16x16)_103.asset
  artifactKey: Guid(e195d06a7e6ff114fbdd170643e64564) Importer(815301076,1909f56bfc062723c751e8b465ee728b)
Start importing Assets/Graphics/Terrain/Assets/Terrain (16x16)_103.asset using Guid(e195d06a7e6ff114fbdd170643e64564) Importer(815301076,1909f56bfc062723c751e8b465ee728b)  -> (artifact id: '487284bdad07ea03b2ccbcd5d19adfe2') in 0.012166 seconds
Number of updated asset objects reloaded before import = 0
Number of asset objects unloaded after import = 3
========================================================================
Received Import Request.
  Time since last request: 0.000029 seconds.
  path: Assets/Graphics/Terrain/Assets/Terrain (16x16)_96.asset
  artifactKey: Guid(04dde5e82b8a16249bba298748ea0fa9) Importer(815301076,1909f56bfc062723c751e8b465ee728b)
Start importing Assets/Graphics/Terrain/Assets/Terrain (16x16)_96.asset using Guid(04dde5e82b8a16249bba298748ea0fa9) Importer(815301076,1909f56bfc062723c751e8b465ee728b)  -> (artifact id: 'd790c9e2b2436636cf91b615011e9a65') in 0.014515 seconds
Number of updated asset objects reloaded before import = 0
Number of asset objects unloaded after import = 3
========================================================================
Received Import Request.
  Time since last request: 0.013641 seconds.
  path: Assets/Graphics/Terrain/Assets/Terrain (16x16)_105.asset
  artifactKey: Guid(4d272bf2484665c4186db354b1e0178c) Importer(815301076,1909f56bfc062723c751e8b465ee728b)
Start importing Assets/Graphics/Terrain/Assets/Terrain (16x16)_105.asset using Guid(4d272bf2484665c4186db354b1e0178c) Importer(815301076,1909f56bfc062723c751e8b465ee728b)  -> (artifact id: 'de7e831907d4369e8f6971db81afe0f0') in 0.017997 seconds
Number of updated asset objects reloaded before import = 0
Number of asset objects unloaded after import = 3
========================================================================
Received Import Request.
  Time since last request: 0.000016 seconds.
  path: Assets/Graphics/Terrain/Assets/Terrain (16x16)_108.asset
  artifactKey: Guid(201577bf03b04d34c87014d5743abf1e) Importer(815301076,1909f56bfc062723c751e8b465ee728b)
Start importing Assets/Graphics/Terrain/Assets/Terrain (16x16)_108.asset using Guid(201577bf03b04d34c87014d5743abf1e) Importer(815301076,1909f56bfc062723c751e8b465ee728b)  -> (artifact id: '6d32dfbc79e06570bc1575b130d78df9') in 0.013380 seconds
Number of updated asset objects reloaded before import = 0
Number of asset objects unloaded after import = 3
========================================================================
Received Import Request.
  Time since last request: 0.609007 seconds.
  path: Assets/Graphics/Terrain/Assets/Terrain (16x16)_109.asset
  artifactKey: Guid(8773fff9853767447851a8ee33a0ff96) Importer(815301076,1909f56bfc062723c751e8b465ee728b)
Start importing Assets/Graphics/Terrain/Assets/Terrain (16x16)_109.asset using Guid(8773fff9853767447851a8ee33a0ff96) Importer(815301076,1909f56bfc062723c751e8b465ee728b)  -> (artifact id: 'b3c06ca0ca39f444cdccd4e08a7e3e1d') in 0.015715 seconds
Number of updated asset objects reloaded before import = 0
Number of asset objects unloaded after import = 3
========================================================================
Received Import Request.
  Time since last request: 0.026287 seconds.
  path: Assets/Graphics/Terrain/Assets/Terrain (16x16)_113.asset
  artifactKey: Guid(f5814b1f7149cf04d805fd756379b264) Importer(815301076,1909f56bfc062723c751e8b465ee728b)
Start importing Assets/Graphics/Terrain/Assets/Terrain (16x16)_113.asset using Guid(f5814b1f7149cf04d805fd756379b264) Importer(815301076,1909f56bfc062723c751e8b465ee728b)  -> (artifact id: '779874d687a4517457e49d753febc409') in 0.016789 seconds
Number of updated asset objects reloaded before import = 0
Number of asset objects unloaded after import = 3
========================================================================
Received Import Request.
  Time since last request: 0.000023 seconds.
  path: Assets/Graphics/Terrain/Assets/Terrain (16x16)_115.asset
  artifactKey: Guid(a23edce8dd3acf444ae3546ba6525b53) Importer(815301076,1909f56bfc062723c751e8b465ee728b)
Start importing Assets/Graphics/Terrain/Assets/Terrain (16x16)_115.asset using Guid(a23edce8dd3acf444ae3546ba6525b53) Importer(815301076,1909f56bfc062723c751e8b465ee728b)  -> (artifact id: '453a56ee8d34a0a57fb3470a0972ee5a') in 0.007005 seconds
Number of updated asset objects reloaded before import = 0
Number of asset objects unloaded after import = 3
========================================================================
Received Import Request.
  Time since last request: 0.021899 seconds.
  path: Assets/Graphics/Terrain/Assets/Terrain (16x16)_117.asset
  artifactKey: Guid(be0207c2d74aaea44bc13cc81e500030) Importer(815301076,1909f56bfc062723c751e8b465ee728b)
Start importing Assets/Graphics/Terrain/Assets/Terrain (16x16)_117.asset using Guid(be0207c2d74aaea44bc13cc81e500030) Importer(815301076,1909f56bfc062723c751e8b465ee728b)  -> (artifact id: '212d672afb1a74c656cfabfd7e466daa') in 0.013679 seconds
Number of updated asset objects reloaded before import = 0
Number of asset objects unloaded after import = 3
========================================================================
Received Import Request.
  Time since last request: 0.012703 seconds.
  path: Assets/Graphics/Terrain/Assets/Terrain (16x16)_121.asset
  artifactKey: Guid(64e160c2f38b1d54aa783dfe3c16c475) Importer(815301076,1909f56bfc062723c751e8b465ee728b)
Start importing Assets/Graphics/Terrain/Assets/Terrain (16x16)_121.asset using Guid(64e160c2f38b1d54aa783dfe3c16c475) Importer(815301076,1909f56bfc062723c751e8b465ee728b)  -> (artifact id: 'fa60447e9650bcb2eb685c6be701e61d') in 0.013830 seconds
Number of updated asset objects reloaded before import = 0
Number of asset objects unloaded after import = 3
========================================================================
Received Import Request.
  Time since last request: 0.017676 seconds.
  path: Assets/Graphics/Terrain/Assets/Terrain (16x16)_125.asset
  artifactKey: Guid(6792ef900314ce24daaaa77cd8fad2f8) Importer(815301076,1909f56bfc062723c751e8b465ee728b)
Start importing Assets/Graphics/Terrain/Assets/Terrain (16x16)_125.asset using Guid(6792ef900314ce24daaaa77cd8fad2f8) Importer(815301076,1909f56bfc062723c751e8b465ee728b)  -> (artifact id: 'c0ab5eff20b2355214b3ceb425106d52') in 0.013575 seconds
Number of updated asset objects reloaded before import = 0
Number of asset objects unloaded after import = 3
========================================================================
Received Import Request.
  Time since last request: 0.017966 seconds.
  path: Assets/Graphics/Terrain/Assets/Terrain (16x16)_129.asset
  artifactKey: Guid(d2eebd1345e4b3a42864bb40f8c43c61) Importer(815301076,1909f56bfc062723c751e8b465ee728b)
Start importing Assets/Graphics/Terrain/Assets/Terrain (16x16)_129.asset using Guid(d2eebd1345e4b3a42864bb40f8c43c61) Importer(815301076,1909f56bfc062723c751e8b465ee728b)  -> (artifact id: '88b36526be5129005ac2eba1e67929a7') in 0.015927 seconds
Number of updated asset objects reloaded before import = 0
Number of asset objects unloaded after import = 3
========================================================================
Received Import Request.
  Time since last request: 0.017294 seconds.
  path: Assets/Graphics/Terrain/Assets/Terrain (16x16)_133.asset
  artifactKey: Guid(81d84331285ed684bafaedeaa807f5af) Importer(815301076,1909f56bfc062723c751e8b465ee728b)
Start importing Assets/Graphics/Terrain/Assets/Terrain (16x16)_133.asset using Guid(81d84331285ed684bafaedeaa807f5af) Importer(815301076,1909f56bfc062723c751e8b465ee728b)  -> (artifact id: '02fe6d3354d884b7e9454698b5e6ee7c') in 0.014227 seconds
Number of updated asset objects reloaded before import = 0
Number of asset objects unloaded after import = 3
========================================================================
Received Import Request.
  Time since last request: 0.000043 seconds.
  path: Assets/Graphics/Terrain/Assets/Terrain (16x16)_139.asset
  artifactKey: Guid(7061c2aa8d023a245b3ab727dbf663a1) Importer(815301076,1909f56bfc062723c751e8b465ee728b)
Start importing Assets/Graphics/Terrain/Assets/Terrain (16x16)_139.asset using Guid(7061c2aa8d023a245b3ab727dbf663a1) Importer(815301076,1909f56bfc062723c751e8b465ee728b)  -> (artifact id: '60a9e4110bb0755b48a442bda6226bd5') in 0.011943 seconds
Number of updated asset objects reloaded before import = 0
Number of asset objects unloaded after import = 3
========================================================================
Received Import Request.
  Time since last request: 0.018939 seconds.
  path: Assets/Graphics/Terrain/Assets/Terrain (16x16)_141.asset
  artifactKey: Guid(4a3fbfe0f4c78224c965b2d936dd2c36) Importer(815301076,1909f56bfc062723c751e8b465ee728b)
Start importing Assets/Graphics/Terrain/Assets/Terrain (16x16)_141.asset using Guid(4a3fbfe0f4c78224c965b2d936dd2c36) Importer(815301076,1909f56bfc062723c751e8b465ee728b)  -> (artifact id: 'b00f47f3af28a191949fb6a4ed27f67e') in 0.012838 seconds
Number of updated asset objects reloaded before import = 0
Number of asset objects unloaded after import = 3
========================================================================
Received Import Request.
  Time since last request: 0.021796 seconds.
  path: Assets/Graphics/Terrain/Assets/Yellow_1.asset
  artifactKey: Guid(43fdd1b3da4495a4a945df6f1b952309) Importer(815301076,1909f56bfc062723c751e8b465ee728b)
Start importing Assets/Graphics/Terrain/Assets/Yellow_1.asset using Guid(43fdd1b3da4495a4a945df6f1b952309) Importer(815301076,1909f56bfc062723c751e8b465ee728b)  -> (artifact id: '03ac4eaa251677d2d074efda566ca02f') in 0.013097 seconds
Number of updated asset objects reloaded before import = 0
Number of asset objects unloaded after import = 3
========================================================================
Received Import Request.
  Time since last request: 0.000023 seconds.
  path: Assets/Graphics/Terrain/Assets/Yellow_5.asset
  artifactKey: Guid(bff5c2c6579079644b6587e5811f563b) Importer(815301076,1909f56bfc062723c751e8b465ee728b)
Start importing Assets/Graphics/Terrain/Assets/Yellow_5.asset using Guid(bff5c2c6579079644b6587e5811f563b) Importer(815301076,1909f56bfc062723c751e8b465ee728b)  -> (artifact id: '6badd58f7fd8c97e0fc2f191989e6239') in 0.009585 seconds
Number of updated asset objects reloaded before import = 0
Number of asset objects unloaded after import = 3
========================================================================
Received Import Request.
  Time since last request: 0.016464 seconds.
  path: Assets/Graphics/Terrain/Assets/Yellow_9.asset
  artifactKey: Guid(e8f70f12e4215984bb682b32d70278e8) Importer(815301076,1909f56bfc062723c751e8b465ee728b)
Start importing Assets/Graphics/Terrain/Assets/Yellow_9.asset using Guid(e8f70f12e4215984bb682b32d70278e8) Importer(815301076,1909f56bfc062723c751e8b465ee728b)  -> (artifact id: 'b380ea6c9eb414112bf7607a68e69492') in 0.008051 seconds
Number of updated asset objects reloaded before import = 0
Number of asset objects unloaded after import = 3
========================================================================
Received Import Request.
  Time since last request: 0.017913 seconds.
  path: Assets/Graphics/Terrain/Assets/Yellow_13.asset
  artifactKey: Guid(1fe051e1795517a48a7e592c9ec5199e) Importer(815301076,1909f56bfc062723c751e8b465ee728b)
Start importing Assets/Graphics/Terrain/Assets/Yellow_13.asset using Guid(1fe051e1795517a48a7e592c9ec5199e) Importer(815301076,1909f56bfc062723c751e8b465ee728b)  -> (artifact id: 'c271c223df8806c3932132953e25c072') in 0.005774 seconds
Number of updated asset objects reloaded before import = 0
Number of asset objects unloaded after import = 3
========================================================================
Received Prepare
Begin MonoManager ReloadAssembly
- Loaded All Assemblies, in  0.367 seconds
Refreshing native plugins compatible for Editor in 2.78 ms, found 4 plugins.
Native extension for UWP target not found
Native extension for WindowsStandalone target not found
Native extension for Android target not found
Native extension for WebGL target not found
[Package Manager] Server::EnsureServerProcessIsRunning -- launch failed, reason: Unity was launched with the -noUpm command-line argument
[Package Manager] UpmClient::Send -- Unable to send message (not connected to UPM process).
[Package Manager] Cannot connect to Unity Package Manager local server
Mono: successfully reloaded assembly
- Finished resetting the current domain, in  0.853 seconds
Domain Reload Profiling: 1218ms
	BeginReloadAssembly (135ms)
		ExecutionOrderSort (0ms)
		DisableScriptedObjects (10ms)
		BackupInstance (0ms)
		ReleaseScriptingObjects (0ms)
		CreateAndSetChildDomain (35ms)
	RebuildCommonClasses (23ms)
	RebuildNativeTypeToScriptingClass (7ms)
	initialDomainReloadingComplete (21ms)
	LoadAllAssembliesAndSetupDomain (178ms)
		LoadAssemblies (230ms)
		RebuildTransferFunctionScriptingTraits (0ms)
		AnalyzeDomain (9ms)
			TypeCache.Refresh (5ms)
				TypeCache.ScanAssembly (0ms)
			ScanForSourceGeneratedMonoScriptInfo (0ms)
			ResolveRequiredComponents (4ms)
	FinalizeReload (854ms)
		ReleaseScriptCaches (0ms)
		RebuildScriptCaches (0ms)
		SetupLoadedEditorAssemblies (392ms)
			LogAssemblyErrors (0ms)
			InitializePlatformSupportModulesInManaged (26ms)
			SetLoadedEditorAssemblies (3ms)
			RefreshPlugins (0ms)
			BeforeProcessingInitializeOnLoad (61ms)
			ProcessInitializeOnLoadAttributes (265ms)
			ProcessInitializeOnLoadMethodAttributes (33ms)
			AfterProcessingInitializeOnLoad (5ms)
			EditorAssembliesLoaded (0ms)
		ExecutionOrderSort2 (0ms)
		AwakeInstancesAfterBackupRestoration (12ms)
Refreshing native plugins compatible for Editor in 3.50 ms, found 4 plugins.
Preloading 0 native plugins for Editor in 0.00 ms.
Unloading 4027 Unused Serialized files (Serialized files now loaded: 0)
Unloading 42 unused Assets / (216.6 KB). Loaded Objects now: 4507.
Memory consumption went from 150.5 MB to 150.3 MB.
Total: 3.181300 ms (FindLiveObjects: 0.226200 ms CreateObjectMapping: 0.131500 ms MarkObjects: 2.571600 ms  DeleteObjects: 0.250900 ms)

Prepare: number of updated asset objects reloaded= 0
AssetImportParameters requested are different than current active one (requested -> active):
  custom:container-demuxer-ogg: 62fdf1f143b41e24485cea50d1cbac27 -> 
  custom:video-codec-MediaFoundation-h265: 746d11721c4dcdbdad8f713fa42b33f4 -> 
  custom:video-decoder-ogg-theora: a1e56fd34408186e4bbccfd4996cb3dc -> 
  custom:framework-win-MediaFoundation: 216162199b28c13a410421893ffa2e32 -> 
  custom:CustomObjectIndexerAttribute: 6d391050e5a25f67b0a2c618074f2cd9 -> 
  custom:container-demuxer-webm: 4f35f7cbe854078d1ac9338744f61a02 -> 
  custom:container-muxer-webm: aa71ff27fc2769a1b78a27578f13a17b -> 
  custom:video-decoder-webm-vp8: 9c59270c3fd7afecdb556c50c9e8de78 -> 
  custom:SearchIndexIgnoredProperties: e643bd26f0fe6173181afceb89e7c659 -> 
  custom:AudioImporter_EditorPlatform: d09bf68614088b80899f8185d706f6e7 -> 
  custom:video-encoder-webm-vp8: eb34c28f22e8b96e1ab97ce403110664 -> 
  custom:audio-decoder-ogg-vorbis: bf7c407c2cedff20999df2af8eb42d56 -> 
  custom:audio-encoder-webm-vorbis: bf7c407c2cedff20999df2af8eb42d56 -> 
