Using pre-set license
Built from '2022.3/staging' branch; Version is '2022.3.19f1 (244b723c30a6) revision 2378610'; Using compiler version '192829333'; Build Type 'Release'
OS: 'Windows 11  (10.0.22631) 64bit CoreSingleLanguage' Language: 'en' Physical Memory: 16109 MB
BatchMode: 1, IsHumanControllingUs: 0, StartBugReporterOnCrash: 0, Is64bit: 1, IsPro: 1

COMMAND LINE ARGUMENTS:
D:\Programs\Unity\Editor\2022.3.19f1\Editor\Unity.exe
-adb2
-batchMode
-noUpm
-name
AssetImportWorker5
-projectPath
D:/Works/Unity/2D-Platformer-game/2D Platformer Game
-logFile
Logs/AssetImportWorker5.log
-srvPort
55059
Successfully changed project path to: D:/Works/Unity/2D-Platformer-game/2D Platformer Game
D:/Works/Unity/2D-Platformer-game/2D Platformer Game
[UnityMemory] Configuration Parameters - Can be set up in boot.config
    "memorysetup-bucket-allocator-granularity=16"
    "memorysetup-bucket-allocator-bucket-count=8"
    "memorysetup-bucket-allocator-block-size=33554432"
    "memorysetup-bucket-allocator-block-count=8"
    "memorysetup-main-allocator-block-size=16777216"
    "memorysetup-thread-allocator-block-size=16777216"
    "memorysetup-gfx-main-allocator-block-size=16777216"
    "memorysetup-gfx-thread-allocator-block-size=16777216"
    "memorysetup-cache-allocator-block-size=4194304"
    "memorysetup-typetree-allocator-block-size=2097152"
    "memorysetup-profiler-bucket-allocator-granularity=16"
    "memorysetup-profiler-bucket-allocator-bucket-count=8"
    "memorysetup-profiler-bucket-allocator-block-size=33554432"
    "memorysetup-profiler-bucket-allocator-block-count=8"
    "memorysetup-profiler-allocator-block-size=16777216"
    "memorysetup-profiler-editor-allocator-block-size=1048576"
    "memorysetup-temp-allocator-size-main=16777216"
    "memorysetup-job-temp-allocator-block-size=2097152"
    "memorysetup-job-temp-allocator-block-size-background=1048576"
    "memorysetup-job-temp-allocator-reduction-small-platforms=262144"
    "memorysetup-allocator-temp-initial-block-size-main=262144"
    "memorysetup-allocator-temp-initial-block-size-worker=262144"
    "memorysetup-temp-allocator-size-background-worker=32768"
    "memorysetup-temp-allocator-size-job-worker=262144"
    "memorysetup-temp-allocator-size-preload-manager=33554432"
    "memorysetup-temp-allocator-size-nav-mesh-worker=65536"
    "memorysetup-temp-allocator-size-audio-worker=65536"
    "memorysetup-temp-allocator-size-cloud-worker=32768"
    "memorysetup-temp-allocator-size-gi-baking-worker=262144"
    "memorysetup-temp-allocator-size-gfx=262144"
Player connection [5696] Host "[IP] 192.168.20.19 [Port] 0 [Flags] 2 [Guid] 1998467940 [EditorId] 1998467940 [Version] 1048832 [Id] WindowsEditor(7,LAPTOP-73QGK95L) [Debug] 1 [PackageName] WindowsEditor [ProjectName] Editor" joined multi-casting on [225.0.0.222:54997]...

Player connection [5696] Host "[IP] 192.168.20.19 [Port] 0 [Flags] 2 [Guid] 1998467940 [EditorId] 1998467940 [Version] 1048832 [Id] WindowsEditor(7,LAPTOP-73QGK95L) [Debug] 1 [PackageName] WindowsEditor [ProjectName] Editor" joined alternative multi-casting on [225.0.0.222:34997]...

[Physics::Module] Initialized MultithreadedJobDispatcher with 15 workers.
Refreshing native plugins compatible for Editor in 7.03 ms, found 4 plugins.
Preloading 0 native plugins for Editor in 0.00 ms.
Initialize engine version: 2022.3.19f1 (244b723c30a6)
[Subsystems] Discovering subsystems at path D:/Programs/Unity/Editor/2022.3.19f1/Editor/Data/Resources/UnitySubsystems
[Subsystems] Discovering subsystems at path D:/Works/Unity/2D-Platformer-game/2D Platformer Game/Assets
GfxDevice: creating device client; threaded=0; jobified=0
Direct3D:
    Version:  Direct3D 11.0 [level 11.1]
    Renderer: NVIDIA GeForce RTX 3050 Ti Laptop GPU (ID=0x25a0)
    Vendor:   NVIDIA
    VRAM:     3976 MB
    Driver:   31.0.15.3770
Initialize mono
Mono path[0] = 'D:/Programs/Unity/Editor/2022.3.19f1/Editor/Data/Managed'
Mono path[1] = 'D:/Programs/Unity/Editor/2022.3.19f1/Editor/Data/MonoBleedingEdge/lib/mono/unityjit-win32'
Mono config path = 'D:/Programs/Unity/Editor/2022.3.19f1/Editor/Data/MonoBleedingEdge/etc'
Using monoOptions --debugger-agent=transport=dt_socket,embedding=1,server=y,suspend=n,address=127.0.0.1:56632
Begin MonoManager ReloadAssembly
Registering precompiled unity dll's ...
Register platform support module: D:/Programs/Unity/Editor/2022.3.19f1/Editor/Data/PlaybackEngines/WebGLSupport/UnityEditor.WebGL.Extensions.dll
Register platform support module: D:/Programs/Unity/Editor/2022.3.19f1/Editor/Data/PlaybackEngines/AndroidPlayer/UnityEditor.Android.Extensions.dll
Register platform support module: D:/Programs/Unity/Editor/2022.3.19f1/Editor/Data/PlaybackEngines/WindowsStandaloneSupport/UnityEditor.WindowsStandalone.Extensions.dll
Register platform support module: D:/Programs/Unity/Editor/2022.3.19f1/Editor/Data/PlaybackEngines/MetroSupport/UnityEditor.UWP.Extensions.dll
Registered in 0.008146 seconds.
- Loaded All Assemblies, in  0.272 seconds
Native extension for UWP target not found
Native extension for WindowsStandalone target not found
Native extension for Android target not found
Android Extension - Scanning For ADB Devices 250 ms
Native extension for WebGL target not found
Mono: successfully reloaded assembly
- Finished resetting the current domain, in  0.525 seconds
Domain Reload Profiling: 797ms
	BeginReloadAssembly (80ms)
		ExecutionOrderSort (0ms)
		DisableScriptedObjects (0ms)
		BackupInstance (0ms)
		ReleaseScriptingObjects (0ms)
		CreateAndSetChildDomain (1ms)
	RebuildCommonClasses (24ms)
	RebuildNativeTypeToScriptingClass (7ms)
	initialDomainReloadingComplete (43ms)
	LoadAllAssembliesAndSetupDomain (116ms)
		LoadAssemblies (80ms)
		RebuildTransferFunctionScriptingTraits (0ms)
		AnalyzeDomain (114ms)
			TypeCache.Refresh (113ms)
				TypeCache.ScanAssembly (100ms)
			ScanForSourceGeneratedMonoScriptInfo (0ms)
			ResolveRequiredComponents (0ms)
	FinalizeReload (526ms)
		ReleaseScriptCaches (0ms)
		RebuildScriptCaches (0ms)
		SetupLoadedEditorAssemblies (479ms)
			LogAssemblyErrors (0ms)
			InitializePlatformSupportModulesInManaged (352ms)
			SetLoadedEditorAssemblies (3ms)
			RefreshPlugins (0ms)
			BeforeProcessingInitializeOnLoad (2ms)
			ProcessInitializeOnLoadAttributes (86ms)
			ProcessInitializeOnLoadMethodAttributes (36ms)
			AfterProcessingInitializeOnLoad (0ms)
			EditorAssembliesLoaded (0ms)
		ExecutionOrderSort2 (0ms)
		AwakeInstancesAfterBackupRestoration (0ms)
========================================================================
Worker process is ready to serve import requests
Begin MonoManager ReloadAssembly
- Loaded All Assemblies, in  0.743 seconds
Refreshing native plugins compatible for Editor in 3.86 ms, found 4 plugins.
Native extension for UWP target not found
Native extension for WindowsStandalone target not found
Native extension for Android target not found
Native extension for WebGL target not found
Package Manager log level set to [2]
[Package Manager] Server::EnsureServerProcessIsRunning -- launch failed, reason: Unity was launched with the -noUpm command-line argument
[Package Manager] UpmClient::Send -- Unable to send message (not connected to UPM process).
[Package Manager] Cannot connect to Unity Package Manager local server
Mono: successfully reloaded assembly
- Finished resetting the current domain, in  0.596 seconds
Domain Reload Profiling: 1337ms
	BeginReloadAssembly (183ms)
		ExecutionOrderSort (0ms)
		DisableScriptedObjects (6ms)
		BackupInstance (0ms)
		ReleaseScriptingObjects (0ms)
		CreateAndSetChildDomain (30ms)
	RebuildCommonClasses (25ms)
	RebuildNativeTypeToScriptingClass (8ms)
	initialDomainReloadingComplete (33ms)
	LoadAllAssembliesAndSetupDomain (491ms)
		LoadAssemblies (384ms)
		RebuildTransferFunctionScriptingTraits (0ms)
		AnalyzeDomain (207ms)
			TypeCache.Refresh (175ms)
				TypeCache.ScanAssembly (152ms)
			ScanForSourceGeneratedMonoScriptInfo (27ms)
			ResolveRequiredComponents (4ms)
	FinalizeReload (597ms)
		ReleaseScriptCaches (0ms)
		RebuildScriptCaches (0ms)
		SetupLoadedEditorAssemblies (430ms)
			LogAssemblyErrors (0ms)
			InitializePlatformSupportModulesInManaged (25ms)
			SetLoadedEditorAssemblies (3ms)
			RefreshPlugins (0ms)
			BeforeProcessingInitializeOnLoad (67ms)
			ProcessInitializeOnLoadAttributes (294ms)
			ProcessInitializeOnLoadMethodAttributes (36ms)
			AfterProcessingInitializeOnLoad (4ms)
			EditorAssembliesLoaded (0ms)
		ExecutionOrderSort2 (0ms)
		AwakeInstancesAfterBackupRestoration (5ms)
Launched and connected shader compiler UnityShaderCompiler.exe after 0.06 seconds
Refreshing native plugins compatible for Editor in 3.26 ms, found 4 plugins.
Preloading 0 native plugins for Editor in 0.00 ms.
Unloading 4034 Unused Serialized files (Serialized files now loaded: 0)
Unloading 70 unused Assets / (244.7 KB). Loaded Objects now: 4493.
Memory consumption went from 150.8 MB to 150.6 MB.
Total: 4.709700 ms (FindLiveObjects: 0.251200 ms CreateObjectMapping: 0.132700 ms MarkObjects: 4.080500 ms  DeleteObjects: 0.244400 ms)

AssetImportParameters requested are different than current active one (requested -> active):
  custom:container-demuxer-ogg: 62fdf1f143b41e24485cea50d1cbac27 -> 
  custom:video-codec-MediaFoundation-h265: 746d11721c4dcdbdad8f713fa42b33f4 -> 
  custom:video-decoder-ogg-theora: a1e56fd34408186e4bbccfd4996cb3dc -> 
  custom:framework-win-MediaFoundation: 216162199b28c13a410421893ffa2e32 -> 
  custom:CustomObjectIndexerAttribute: 6d391050e5a25f67b0a2c618074f2cd9 -> 
  custom:container-demuxer-webm: 4f35f7cbe854078d1ac9338744f61a02 -> 
  custom:container-muxer-webm: aa71ff27fc2769a1b78a27578f13a17b -> 
  custom:video-decoder-webm-vp8: 9c59270c3fd7afecdb556c50c9e8de78 -> 
  custom:SearchIndexIgnoredProperties: e643bd26f0fe6173181afceb89e7c659 -> 
  custom:AudioImporter_EditorPlatform: d09bf68614088b80899f8185d706f6e7 -> 
  custom:video-encoder-webm-vp8: eb34c28f22e8b96e1ab97ce403110664 -> 
  custom:audio-decoder-ogg-vorbis: bf7c407c2cedff20999df2af8eb42d56 -> 
  custom:audio-encoder-webm-vorbis: bf7c407c2cedff20999df2af8eb42d56 -> 
========================================================================
Received Import Request.
  Time since last request: 12168.979950 seconds.
  path: Assets/Graphics/Terrain/Assets/Terrain (16x16)_112.asset
  artifactKey: Guid(9b82a6083eb0fc54d9b98551bf26c7ef) Importer(815301076,1909f56bfc062723c751e8b465ee728b)
Start importing Assets/Graphics/Terrain/Assets/Terrain (16x16)_112.asset using Guid(9b82a6083eb0fc54d9b98551bf26c7ef) Importer(815301076,1909f56bfc062723c751e8b465ee728b)  -> (artifact id: '9f90fbc28656bca1b729eed2da93b4d0') in 0.063620 seconds
Number of updated asset objects reloaded before import = 0
Number of asset objects unloaded after import = 3
========================================================================
Received Import Request.
  Time since last request: 0.023612 seconds.
  path: Assets/Graphics/Terrain/Assets/Terrain (16x16)_120.asset
  artifactKey: Guid(4ee87c78a8244ad428cd7c6553ebaa64) Importer(815301076,1909f56bfc062723c751e8b465ee728b)
Start importing Assets/Graphics/Terrain/Assets/Terrain (16x16)_120.asset using Guid(4ee87c78a8244ad428cd7c6553ebaa64) Importer(815301076,1909f56bfc062723c751e8b465ee728b)  -> (artifact id: 'c3772a473d48410346f679c081d2f46a') in 0.017292 seconds
Number of updated asset objects reloaded before import = 0
Number of asset objects unloaded after import = 3
========================================================================
Received Import Request.
  Time since last request: 0.009481 seconds.
  path: Assets/Graphics/Terrain/Assets/Terrain (16x16)_124.asset
  artifactKey: Guid(3aff5470a5d25ca4e839c0e983233910) Importer(815301076,1909f56bfc062723c751e8b465ee728b)
Start importing Assets/Graphics/Terrain/Assets/Terrain (16x16)_124.asset using Guid(3aff5470a5d25ca4e839c0e983233910) Importer(815301076,1909f56bfc062723c751e8b465ee728b)  -> (artifact id: 'c94f711d0522e76b6fac705929dc5eb0') in 0.014095 seconds
Number of updated asset objects reloaded before import = 0
Number of asset objects unloaded after import = 3
========================================================================
Received Import Request.
  Time since last request: 0.017711 seconds.
  path: Assets/Graphics/Terrain/Assets/Terrain (16x16)_128.asset
  artifactKey: Guid(bf3a08b624995d34dbe660d4fdeaa70f) Importer(815301076,1909f56bfc062723c751e8b465ee728b)
Start importing Assets/Graphics/Terrain/Assets/Terrain (16x16)_128.asset using Guid(bf3a08b624995d34dbe660d4fdeaa70f) Importer(815301076,1909f56bfc062723c751e8b465ee728b)  -> (artifact id: 'd0fcbf726893a77d3792a19a46d37c43') in 0.012197 seconds
Number of updated asset objects reloaded before import = 0
Number of asset objects unloaded after import = 3
========================================================================
Received Import Request.
  Time since last request: 0.019007 seconds.
  path: Assets/Graphics/Terrain/Assets/Terrain (16x16)_132.asset
  artifactKey: Guid(b4a6877c9b81db640a3ae683095f495f) Importer(815301076,1909f56bfc062723c751e8b465ee728b)
Start importing Assets/Graphics/Terrain/Assets/Terrain (16x16)_132.asset using Guid(b4a6877c9b81db640a3ae683095f495f) Importer(815301076,1909f56bfc062723c751e8b465ee728b)  -> (artifact id: '466421c251aeb75fa1a953594716e5a8') in 0.014577 seconds
Number of updated asset objects reloaded before import = 0
Number of asset objects unloaded after import = 3
========================================================================
Received Import Request.
  Time since last request: 0.018704 seconds.
  path: Assets/Graphics/Terrain/Assets/Terrain (16x16)_136.asset
  artifactKey: Guid(ad6e25ca1cb46224886a1d7cf6e17519) Importer(815301076,1909f56bfc062723c751e8b465ee728b)
Start importing Assets/Graphics/Terrain/Assets/Terrain (16x16)_136.asset using Guid(ad6e25ca1cb46224886a1d7cf6e17519) Importer(815301076,1909f56bfc062723c751e8b465ee728b)  -> (artifact id: '797e3249b857366d250b439d033de7da') in 0.012323 seconds
Number of updated asset objects reloaded before import = 0
Number of asset objects unloaded after import = 3
========================================================================
Received Import Request.
  Time since last request: 0.000027 seconds.
  path: Assets/Graphics/Terrain/Assets/Terrain (16x16)_137.asset
  artifactKey: Guid(7526d3753011937499c921fb250670ad) Importer(815301076,1909f56bfc062723c751e8b465ee728b)
Start importing Assets/Graphics/Terrain/Assets/Terrain (16x16)_137.asset using Guid(7526d3753011937499c921fb250670ad) Importer(815301076,1909f56bfc062723c751e8b465ee728b)  -> (artifact id: 'f25ca9924df1b9aabdb951abc08624b3') in 0.012696 seconds
Number of updated asset objects reloaded before import = 0
Number of asset objects unloaded after import = 3
========================================================================
Received Import Request.
  Time since last request: 0.021208 seconds.
  path: Assets/Graphics/Terrain/Assets/Yellow_0.asset
  artifactKey: Guid(c4980bacf18369046ab4d504b51d4c36) Importer(815301076,1909f56bfc062723c751e8b465ee728b)
Start importing Assets/Graphics/Terrain/Assets/Yellow_0.asset using Guid(c4980bacf18369046ab4d504b51d4c36) Importer(815301076,1909f56bfc062723c751e8b465ee728b)  -> (artifact id: '179bd3683ebe8aa00bfa83f28d9c939a') in 0.013794 seconds
Number of updated asset objects reloaded before import = 0
Number of asset objects unloaded after import = 3
========================================================================
Received Import Request.
  Time since last request: 0.020814 seconds.
  path: Assets/Graphics/Terrain/Assets/Yellow_4.asset
  artifactKey: Guid(f0fac622c54c393409af43e968bb6b73) Importer(815301076,1909f56bfc062723c751e8b465ee728b)
Start importing Assets/Graphics/Terrain/Assets/Yellow_4.asset using Guid(f0fac622c54c393409af43e968bb6b73) Importer(815301076,1909f56bfc062723c751e8b465ee728b)  -> (artifact id: '64555af9915f759c94494848ad038011') in 0.015660 seconds
Number of updated asset objects reloaded before import = 0
Number of asset objects unloaded after import = 3
========================================================================
Received Import Request.
  Time since last request: 0.000034 seconds.
  path: Assets/Graphics/Terrain/Assets/Yellow_7.asset
  artifactKey: Guid(9258e1b9b537cbb4ebc3eac540998dfd) Importer(815301076,1909f56bfc062723c751e8b465ee728b)
Start importing Assets/Graphics/Terrain/Assets/Yellow_7.asset using Guid(9258e1b9b537cbb4ebc3eac540998dfd) Importer(815301076,1909f56bfc062723c751e8b465ee728b)  -> (artifact id: '07fda12074109ff27612c666105ea52c') in 0.006355 seconds
Number of updated asset objects reloaded before import = 0
Number of asset objects unloaded after import = 3
========================================================================
Received Import Request.
  Time since last request: 0.016985 seconds.
  path: Assets/Graphics/Terrain/Assets/Yellow_12.asset
  artifactKey: Guid(009e75b2049d87f46a304b43f6986667) Importer(815301076,1909f56bfc062723c751e8b465ee728b)
Start importing Assets/Graphics/Terrain/Assets/Yellow_12.asset using Guid(009e75b2049d87f46a304b43f6986667) Importer(815301076,1909f56bfc062723c751e8b465ee728b)  -> (artifact id: '34d5c80e0c4d1330b409a2f159432b0a') in 0.006997 seconds
Number of updated asset objects reloaded before import = 0
Number of asset objects unloaded after import = 3
Editor requested this worker to shutdown with reason: Scaling down because of idle timeout
TcpMessagingSession - receive error
AssetImportWorkerClient::OnTransportError - code=2 error=End of file
AssetImportWorker is now disconnected from the server
Process exiting
Exiting without the bug reporter. Application will terminate with return code 0